2024-06-24 21:34:24 [INFO] - Initializing Binance bot
2024-06-24 21:34:24 [INFO] - === Detected config file path (VM argument, optional): null ===
2024-06-24 21:34:24 [INFO] - Setting add1 candlestick interval to: 15m
2024-06-24 21:34:24 [INFO] - Setting candlestick interval to: 1h
2024-06-24 21:34:24 [INFO] - Setting add2 candlestick interval to: 12h
2024-06-24 21:34:28 [INFO] - Generating time series for 1000PEPEUSDT
2024-06-24 21:34:28 [INFO] - Generating time series for BTCUSDT_240628
2024-06-24 21:34:30 [INFO] - Generating time series for KSMUSDT
2024-06-24 21:34:30 [INFO] - Generating time series for BLURUSDT
2024-06-24 21:34:31 [INFO] - Generating time series for TLMUSDT
2024-06-24 21:34:32 [INFO] - Generating time series for AUDIOUSDT
2024-06-24 21:34:34 [INFO] - Generating time series for FRONTUSDT
2024-06-24 21:34:35 [INFO] - Generating time series for POWRUSDT
2024-06-24 21:34:35 [INFO] - Generating time series for MASKUSDT
2024-06-24 21:34:37 [INFO] - Generating time series for GMXUSDT
2024-06-24 21:34:37 [INFO] - Generating time series for ZROUSDT
2024-06-24 21:34:38 [INFO] - Generating time series for EGLDUSDT
2024-06-24 21:34:38 [INFO] - Generating time series for BTCUSDT
2024-06-24 21:34:40 [INFO] - Generating time series for APTUSDT
2024-06-24 21:34:40 [INFO] - Generating time series for GALUSDT
2024-06-24 21:34:40 [INFO] - Generating time series for XRPUSDT
2024-06-24 21:34:42 [INFO] - Generating time series for BATUSDT
2024-06-24 21:34:42 [INFO] - Generating time series for GTCUSDT
2024-06-24 21:34:42 [INFO] - Generating time series for TURBOUSDT
2024-06-24 21:34:43 [INFO] - Generating time series for ONDOUSDT
2024-06-24 21:34:43 [INFO] - Generating time series for SUIUSDT
2024-06-24 21:34:43 [INFO] - Generating time series for IDEXUSDT
2024-06-24 21:34:44 [INFO] - Generating time series for LTCUSDT
2024-06-24 21:34:44 [INFO] - Generating time series for SUSHIUSDT
2024-06-24 21:34:44 [INFO] - Generating time series for OXTUSDT
2024-06-24 21:34:44 [INFO] - Generating time series for CRVUSDT
2024-06-24 21:34:45 [INFO] - Generating time series for COTIUSDT
2024-06-24 21:34:45 [INFO] - Generating time series for AGIXUSDT
2024-06-24 21:34:45 [INFO] - Generating time series for DARUSDT
2024-06-24 21:34:46 [INFO] - Generating time series for ASTRUSDT
2024-06-24 21:34:46 [INFO] - Generating time series for DOGEUSDT
2024-06-24 21:34:46 [INFO] - Generating time series for FTMUSDT
2024-06-24 21:34:47 [INFO] - Generating time series for ZECUSDT
2024-06-24 21:34:47 [INFO] - Generating time series for AUCTIONUSDT
2024-06-24 21:34:47 [INFO] - Generating time series for CTKUSDT
2024-06-24 21:34:48 [INFO] - Generating time series for TAOUSDT
2024-06-24 21:34:48 [INFO] - Generating time series for GLMRUSDT
2024-06-24 21:34:48 [INFO] - Generating time series for LOOMUSDT
2024-06-24 21:34:49 [INFO] - Generating time series for MEWUSDT
2024-06-24 21:34:49 [INFO] - Generating time series for KAVAUSDT
2024-06-24 21:34:49 [INFO] - Generating time series for STRKUSDT
2024-06-24 21:34:49 [INFO] - Generating time series for ATAUSDT
2024-06-24 21:34:50 [INFO] - Generating time series for ADAUSDT
2024-06-24 21:34:50 [INFO] - Generating time series for FXSUSDT
2024-06-24 21:34:50 [INFO] - Generating time series for PHBUSDT
2024-06-24 21:34:51 [INFO] - Generating time series for IOUSDT
2024-06-24 21:34:51 [INFO] - Generating time series for AMBUSDT
2024-06-24 21:34:51 [INFO] - Generating time series for WOOUSDT
2024-06-24 21:34:52 [INFO] - Generating time series for KNCUSDT
2024-06-24 21:34:52 [INFO] - Generating time series for ACHUSDT
2024-06-24 21:34:52 [INFO] - Generating time series for YFIUSDT
2024-06-24 21:34:53 [INFO] - Generating time series for FTTUSDT
2024-06-24 21:34:53 [INFO] - Generating time series for ONTUSDT
2024-06-24 21:34:53 [INFO] - Generating time series for CKBUSDT
2024-06-24 21:34:54 [INFO] - Generating time series for DOTUSDT
2024-06-24 21:34:54 [INFO] - Generating time series for MAVIAUSDT
2024-06-24 21:34:54 [INFO] - Generating time series for BLUEBIRDUSDT
2024-06-24 21:34:55 [INFO] - Generating time series for RUNEUSDT
2024-06-24 21:34:55 [INFO] - Generating time series for ALICEUSDT
2024-06-24 21:34:55 [INFO] - Generating time series for IOTXUSDT
2024-06-24 21:34:55 [INFO] - Generating time series for ETCUSDT
2024-06-24 21:34:56 [INFO] - Generating time series for JOEUSDT
2024-06-24 21:34:56 [INFO] - Generating time series for VETUSDT
2024-06-24 21:34:56 [INFO] - Generating time series for METISUSDT
2024-06-24 21:34:57 [INFO] - Generating time series for WUSDT
2024-06-24 21:34:57 [INFO] - Generating time series for BONDUSDT
2024-06-24 21:34:57 [INFO] - Generating time series for EOSUSDT
2024-06-24 21:34:58 [INFO] - Generating time series for IDUSDT
2024-06-24 21:34:58 [INFO] - Generating time series for BEAMXUSDT
2024-06-24 21:34:58 [INFO] - Generating time series for ZETAUSDT
2024-06-24 21:34:59 [INFO] - Generating time series for HNTUSDT
2024-06-24 21:34:59 [INFO] - Generating time series for STRAXUSDT
2024-06-24 21:34:59 [INFO] - Generating time series for SFPUSDT
2024-06-24 21:34:59 [INFO] - Generating time series for BNTUSDT
2024-06-24 21:35:00 [INFO] - Generating time series for PIXELUSDT
2024-06-24 21:35:00 [INFO] - Generating time series for ANKRUSDT
2024-06-24 21:35:00 [INFO] - Generating time series for LUNA2USDT
2024-06-24 21:35:01 [INFO] - Generating time series for LSKUSDT
2024-06-24 21:35:01 [INFO] - Generating time series for XMRUSDT
2024-06-24 21:35:01 [INFO] - Generating time series for DENTUSDT
2024-06-24 21:35:02 [INFO] - Generating time series for GMTUSDT
2024-06-24 21:35:02 [INFO] - Generating time series for STXUSDT
2024-06-24 21:35:02 [INFO] - Generating time series for ARKUSDT
2024-06-24 21:35:03 [INFO] - Generating time series for SCUSDT
2024-06-24 21:35:03 [INFO] - Generating time series for 1000SHIBUSDT
2024-06-24 21:35:03 [INFO] - Generating time series for WAVESUSDT
2024-06-24 21:35:03 [INFO] - Generating time series for TUSDT
2024-06-24 21:35:04 [INFO] - Generating time series for GASUSDT
2024-06-24 21:35:04 [INFO] - Generating time series for ARUSDT
2024-06-24 21:35:04 [INFO] - Generating time series for MANTAUSDT
2024-06-24 21:35:05 [INFO] - Generating time series for NEARUSDT
2024-06-24 21:35:05 [INFO] - Generating time series for BTCUSDT_240927
2024-06-24 21:35:05 [INFO] - Generating time series for ONEUSDT
2024-06-24 21:35:06 [INFO] - Generating time series for MOVRUSDT
2024-06-24 21:35:06 [INFO] - Generating time series for BALUSDT
2024-06-24 21:35:06 [INFO] - Generating time series for TRUUSDT
2024-06-24 21:35:07 [INFO] - Generating time series for SSVUSDT
2024-06-24 21:35:07 [INFO] - Generating time series for APEUSDT
2024-06-24 21:35:07 [INFO] - Generating time series for 1000LUNCUSDT
2024-06-24 21:35:07 [INFO] - Generating time series for ETHUSDT
2024-06-24 21:35:08 [INFO] - Generating time series for COMBOUSDT
2024-06-24 21:35:08 [INFO] - Generating time series for OGNUSDT
2024-06-24 21:35:08 [INFO] - Generating time series for FOOTBALLUSDT
2024-06-24 21:35:09 [INFO] - Generating time series for LPTUSDT
2024-06-24 21:35:09 [INFO] - Generating time series for ORBSUSDT
2024-06-24 21:35:09 [INFO] - Generating time series for UMAUSDT
2024-06-24 21:35:10 [INFO] - Generating time series for C98USDT
2024-06-24 21:35:10 [INFO] - Generating time series for OMNIUSDT
2024-06-24 21:35:10 [INFO] - Generating time series for SNXUSDT
2024-06-24 21:35:11 [INFO] - Generating time series for YGGUSDT
2024-06-24 21:35:11 [INFO] - Generating time series for IOTAUSDT
2024-06-24 21:35:11 [INFO] - Generating time series for SXPUSDT
2024-06-24 21:35:11 [INFO] - Generating time series for OMGUSDT
2024-06-24 21:35:12 [INFO] - Generating time series for SOLUSDT
2024-06-24 21:35:12 [INFO] - Generating time series for XEMUSDT
2024-06-24 21:35:12 [INFO] - Generating time series for 1000SATSUSDT
2024-06-24 21:35:13 [INFO] - Generating time series for ACEUSDT
2024-06-24 21:35:13 [INFO] - Generating time series for ONGUSDT
2024-06-24 21:35:13 [INFO] - Generating time series for STGUSDT
2024-06-24 21:35:14 [INFO] - Generating time series for CHRUSDT
2024-06-24 21:35:14 [INFO] - Generating time series for REEFUSDT
2024-06-24 21:35:14 [INFO] - Generating time series for REZUSDT
2024-06-24 21:35:14 [INFO] - Generating time series for 1000FLOKIUSDT
2024-06-24 21:35:15 [INFO] - Generating time series for FILUSDT
2024-06-24 21:35:15 [INFO] - Generating time series for QNTUSDT
2024-06-24 21:35:15 [INFO] - Generating time series for COMPUSDT
2024-06-24 21:35:16 [INFO] - Generating time series for ROSEUSDT
2024-06-24 21:35:16 [INFO] - Generating time series for MTLUSDT
2024-06-24 21:35:16 [INFO] - Generating time series for ICXUSDT
2024-06-24 21:35:17 [INFO] - Generating time series for ARBUSDT
2024-06-24 21:35:17 [INFO] - Generating time series for DUSKUSDT
2024-06-24 21:35:17 [INFO] - Generating time series for NTRNUSDT
2024-06-24 21:35:18 [INFO] - Generating time series for 1000XECUSDT
2024-06-24 21:35:18 [INFO] - Generating time series for DODOXUSDT
2024-06-24 21:35:18 [INFO] - Generating time series for BAKEUSDT
2024-06-24 21:35:18 [INFO] - Generating time series for MAVUSDT
2024-06-24 21:35:19 [INFO] - Generating time series for USTCUSDT
2024-06-24 21:35:19 [INFO] - Generating time series for ZILUSDT
2024-06-24 21:35:19 [INFO] - Generating time series for AAVEUSDT
2024-06-24 21:35:20 [INFO] - Generating time series for HOOKUSDT
2024-06-24 21:35:20 [INFO] - Generating time series for MINAUSDT
2024-06-24 21:35:20 [INFO] - Generating time series for BNBUSDT
2024-06-24 21:35:21 [INFO] - Generating time series for COCOSUSDT
2024-06-24 21:35:21 [INFO] - Generating time series for OCEANUSDT
2024-06-24 21:35:21 [INFO] - Generating time series for ALGOUSDT
2024-06-24 21:35:22 [INFO] - Generating time series for ZENUSDT
2024-06-24 21:35:22 [INFO] - Generating time series for RDNTUSDT
2024-06-24 21:35:22 [INFO] - Generating time series for WLDUSDT
2024-06-24 21:35:22 [INFO] - Generating time series for PENDLEUSDT
2024-06-24 21:35:23 [INFO] - Generating time series for HOTUSDT
2024-06-24 21:35:23 [INFO] - Generating time series for LQTYUSDT
2024-06-24 21:35:23 [INFO] - Generating time series for BOMEUSDT
2024-06-24 21:35:24 [INFO] - Generating time series for PYTHUSDT
2024-06-24 21:35:24 [INFO] - Generating time series for RIFUSDT
2024-06-24 21:35:24 [INFO] - Generating time series for XVSUSDT
2024-06-24 21:35:25 [INFO] - Generating time series for UNFIUSDT
2024-06-24 21:35:25 [INFO] - Generating time series for ZKUSDT
2024-06-24 21:35:25 [INFO] - Generating time series for BICOUSDT
2024-06-24 21:35:25 [INFO] - Generating time series for BANDUSDT
2024-06-24 21:35:26 [INFO] - Generating time series for ALPHAUSDT
2024-06-24 21:35:26 [INFO] - Generating time series for LRCUSDT
2024-06-24 21:35:26 [INFO] - Generating time series for CAKEUSDT
2024-06-24 21:35:27 [INFO] - Generating time series for LINKUSDT
2024-06-24 21:35:27 [INFO] - Generating time series for SKLUSDT
2024-06-24 21:35:27 [INFO] - Generating time series for GLMUSDT
2024-06-24 21:35:28 [INFO] - Generating time series for BIGTIMEUSDT
2024-06-24 21:35:28 [INFO] - Generating time series for LITUSDT
2024-06-24 21:35:28 [INFO] - Generating time series for LISTAUSDT
2024-06-24 21:35:28 [INFO] - Generating time series for ETHUSDT_240927
2024-06-24 21:35:29 [INFO] - Generating time series for AIUSDT
2024-06-24 21:35:29 [INFO] - Generating time series for XAIUSDT
2024-06-24 21:35:29 [INFO] - Generating time series for VANRYUSDT
2024-06-24 21:35:30 [INFO] - Generating time series for BNXUSDT
2024-06-24 21:35:30 [INFO] - Generating time series for ENJUSDT
2024-06-24 21:35:30 [INFO] - Generating time series for TOMOUSDT
2024-06-24 21:35:31 [INFO] - Generating time series for CTSIUSDT
2024-06-24 21:35:31 [INFO] - Generating time series for BSVUSDT
2024-06-24 21:35:31 [INFO] - Generating time series for RVNUSDT
2024-06-24 21:35:32 [INFO] - Generating time series for API3USDT
2024-06-24 21:35:32 [INFO] - Generating time series for SEIUSDT
2024-06-24 21:35:32 [INFO] - Generating time series for BADGERUSDT
2024-06-24 21:35:32 [INFO] - Generating time series for TNSRUSDT
2024-06-24 21:35:33 [INFO] - Generating time series for AEVOUSDT
2024-06-24 21:35:33 [INFO] - Generating time series for CELRUSDT
2024-06-24 21:35:33 [INFO] - Generating time series for WIFUSDT
2024-06-24 21:35:34 [INFO] - Generating time series for QTUMUSDT
2024-06-24 21:35:34 [INFO] - Generating time series for MATICUSDT
2024-06-24 21:35:34 [INFO] - Generating time series for CELOUSDT
2024-06-24 21:35:35 [INFO] - Generating time series for RAYUSDT
2024-06-24 21:35:35 [INFO] - Generating time series for ZRXUSDT
2024-06-24 21:35:35 [INFO] - Generating time series for PERPUSDT
2024-06-24 21:35:36 [INFO] - Generating time series for TWTUSDT
2024-06-24 21:35:36 [INFO] - Generating time series for AVAXUSDT
2024-06-24 21:35:36 [INFO] - Generating time series for DEFIUSDT
2024-06-24 21:35:36 [INFO] - Generating time series for STORJUSDT
2024-06-24 21:35:37 [INFO] - Generating time series for RONINUSDT
2024-06-24 21:35:37 [INFO] - Generating time series for IMXUSDT
2024-06-24 21:35:37 [INFO] - Generating time series for TRXUSDT
2024-06-24 21:35:38 [INFO] - Generating time series for 1000RATSUSDT
2024-06-24 21:35:38 [INFO] - Generating time series for CHZUSDT
2024-06-24 21:35:38 [INFO] - Generating time series for MYROUSDT
2024-06-24 21:35:39 [INFO] - Generating time series for ICPUSDT
2024-06-24 21:35:39 [INFO] - Generating time series for NOTUSDT
2024-06-24 21:35:39 [INFO] - Generating time series for BELUSDT
2024-06-24 21:35:39 [INFO] - Generating time series for NKNUSDT
2024-06-24 21:35:40 [INFO] - Generating time series for AXLUSDT
2024-06-24 21:35:40 [INFO] - Generating time series for JTOUSDT
2024-06-24 21:35:40 [INFO] - Generating time series for DYDXUSDT
2024-06-24 21:35:41 [INFO] - Generating time series for POLYXUSDT
2024-06-24 21:35:41 [INFO] - Generating time series for SANDUSDT
2024-06-24 21:35:41 [INFO] - Generating time series for ETHFIUSDT
2024-06-24 21:35:42 [INFO] - Generating time series for TRBUSDT
2024-06-24 21:35:42 [INFO] - Generating time series for KASUSDT
2024-06-24 21:35:42 [INFO] - Generating time series for MDTUSDT
2024-06-24 21:35:43 [INFO] - Generating time series for MANAUSDT
2024-06-24 21:35:43 [INFO] - Generating time series for EDUUSDT
2024-06-24 21:35:43 [INFO] - Generating time series for MKRUSDT
2024-06-24 21:35:43 [INFO] - Generating time series for HIFIUSDT
2024-06-24 21:35:44 [INFO] - Generating time series for GALAUSDT
2024-06-24 21:35:44 [INFO] - Generating time series for SUPERUSDT
2024-06-24 21:35:44 [INFO] - Generating time series for IOSTUSDT
2024-06-24 21:35:45 [INFO] - Generating time series for MEMEUSDT
2024-06-24 21:35:45 [INFO] - Generating time series for UNIUSDT
2024-06-24 21:35:45 [INFO] - Generating time series for PEOPLEUSDT
2024-06-24 21:35:46 [INFO] - Generating time series for JUPUSDT
2024-06-24 21:35:46 [INFO] - Generating time series for BBUSDT
2024-06-24 21:35:46 [INFO] - Generating time series for XLMUSDT
2024-06-24 21:35:46 [INFO] - Generating time series for LEVERUSDT
2024-06-24 21:35:47 [INFO] - Generating time series for MAGICUSDT
2024-06-24 21:35:47 [INFO] - Generating time series for RNDRUSDT
2024-06-24 21:35:47 [INFO] - Generating time series for CFXUSDT
2024-06-24 21:35:48 [INFO] - Generating time series for SPELLUSDT
2024-06-24 21:35:48 [INFO] - Generating time series for ALTUSDT
2024-06-24 21:35:48 [INFO] - Generating time series for AGLDUSDT
2024-06-24 21:35:49 [INFO] - Generating time series for 1INCHUSDT
2024-06-24 21:35:49 [INFO] - Generating time series for ATOMUSDT
2024-06-24 21:35:49 [INFO] - Generating time series for ETHUSDT_240628
2024-06-24 21:35:50 [INFO] - Generating time series for STEEMUSDT
2024-06-24 21:35:50 [INFO] - Generating time series for XTZUSDT
2024-06-24 21:35:50 [INFO] - Generating time series for RENUSDT
2024-06-24 21:35:50 [INFO] - Generating time series for JASMYUSDT
2024-06-24 21:35:51 [INFO] - Generating time series for KLAYUSDT
2024-06-24 21:35:51 [INFO] - Generating time series for FETUSDT
2024-06-24 21:35:51 [INFO] - Generating time series for NEOUSDT
2024-06-24 21:35:52 [INFO] - Generating time series for NFPUSDT
2024-06-24 21:35:52 [INFO] - Generating time series for CVCUSDT
2024-06-24 21:35:52 [INFO] - Generating time series for 1000BONKUSDT
2024-06-24 21:35:53 [INFO] - Generating time series for BTCDOMUSDT
2024-06-24 21:35:53 [INFO] - Generating time series for XVGUSDT
2024-06-24 21:35:53 [INFO] - Generating time series for TOKENUSDT
2024-06-24 21:35:54 [INFO] - Generating time series for DASHUSDT
2024-06-24 21:35:54 [INFO] - Generating time series for HIGHUSDT
2024-06-24 21:35:54 [INFO] - Generating time series for SAGAUSDT
2024-06-24 21:35:54 [INFO] - Generating time series for BTCSTUSDT
2024-06-24 21:35:55 [INFO] - Generating time series for ILVUSDT
2024-06-24 21:35:55 [INFO] - Generating time series for DYMUSDT
2024-06-24 21:35:55 [INFO] - Generating time series for SRMUSDT
2024-06-24 21:35:56 [INFO] - Generating time series for BTSUSDT
2024-06-24 21:35:56 [INFO] - Generating time series for LDOUSDT
2024-06-24 21:35:56 [INFO] - Generating time series for TIAUSDT
2024-06-24 21:35:57 [INFO] - Generating time series for ETHWUSDT
2024-06-24 21:35:57 [INFO] - Generating time series for BLZUSDT
2024-06-24 21:35:57 [INFO] - Generating time series for ORDIUSDT
2024-06-24 21:35:57 [INFO] - Generating time series for GRTUSDT
2024-06-24 21:35:58 [INFO] - Generating time series for AXSUSDT
2024-06-24 21:35:58 [INFO] - Generating time series for BCHUSDT
2024-06-24 21:35:58 [INFO] - Generating time series for KEYUSDT
2024-06-24 21:35:59 [INFO] - Generating time series for HFTUSDT
2024-06-24 21:35:59 [INFO] - Generating time series for OPUSDT
2024-06-24 21:35:59 [INFO] - Generating time series for HBARUSDT
2024-06-24 21:36:00 [INFO] - Generating time series for NMRUSDT
2024-06-24 21:36:00 [INFO] - Generating time series for DGBUSDT
2024-06-24 21:36:00 [INFO] - Generating time series for ENAUSDT
2024-06-24 21:36:01 [INFO] - Generating time series for STMXUSDT
2024-06-24 21:36:01 [INFO] - Generating time series for CVXUSDT
2024-06-24 21:36:01 [INFO] - Generating time series for RSRUSDT
2024-06-24 21:36:01 [INFO] - Generating time series for RADUSDT
2024-06-24 21:36:02 [INFO] - Generating time series for SLPUSDT
2024-06-24 21:36:02 [INFO] - Generating time series for INJUSDT
2024-06-24 21:36:02 [INFO] - Generating time series for MBLUSDT
2024-06-24 21:36:03 [INFO] - Generating time series for CYBERUSDT
2024-06-24 21:36:03 [INFO] - Generating time series for WAXPUSDT
2024-06-24 21:36:03 [INFO] - Generating time series for SNTUSDT
2024-06-24 21:36:04 [INFO] - Generating time series for RLCUSDT
2024-06-24 21:36:04 [INFO] - Generating time series for ARPAUSDT
2024-06-24 21:36:04 [INFO] - Generating time series for OMUSDT
2024-06-24 21:36:04 [INFO] - Generating time series for PORTALUSDT
2024-06-24 21:36:05 [INFO] - Generating time series for THETAUSDT
2024-06-24 21:36:05 [INFO] - Generating time series for STPTUSDT
2024-06-24 21:36:05 [INFO] - Generating time series for LINAUSDT
2024-06-24 21:36:06 [INFO] - Generating time series for FLMUSDT
2024-06-24 21:36:06 [INFO] - Generating time series for FLOWUSDT
2024-06-24 21:36:06 [INFO] - Generating time series for TONUSDT
2024-06-24 21:36:07 [INFO] - Generating time series for ANTUSDT
2024-06-24 21:36:07 [INFO] - Generating time series for ENSUSDT
2024-06-24 21:36:07 [INFO] - Generating time series for ARKMUSDT
2024-06-24 21:36:08 [INFO] - --------------------------------------------------------------------------------------------------------------------
2024-06-24 21:36:08 [INFO] - [36m CopyBot 1.015 ( test Edition beta. Good and Best!)    [0m
2024-06-24 21:36:08 [INFO] -  Open trades LONG: 0 SHORT:0
2024-06-24 21:36:08 [INFO] -  LONG:  []
2024-06-24 21:36:08 [INFO] -  SHORT: []
2024-06-24 21:36:08 [INFO] - --------------------------------------------------------------------------------------------------------------------
2024-06-24 21:36:08 [INFO] - [32m Start time       : Mon Jun 24 21:34:23 CEST 2024 [0m 
2024-06-24 21:36:08 [INFO] - [32m Execute time     : 0:01:44 [0m 
2024-06-24 21:36:10 [INFO] - [32m Start Balance    : 47.24797163               Current  Balance : 47.24797163 [0m 
2024-06-24 21:36:10 [INFO] - [32m Max. Position:   : 2                         USDT Size : 20.0 [0m 
2024-06-24 21:36:10 [INFO] - --------------------------------------------------------------------------------------------------------------------
2024-06-24 21:36:14 [INFO] - Trying to buy POWRUSDT, quantity: 98 using limit order
2024-06-24 21:36:15 [INFO] - Trying to buy EGLDUSDT, quantity: 0.71 using limit order
2024-06-24 21:36:16 [INFO] - Time out to buy EGLDUSDT. Search next position 
2024-06-24 21:36:16 [INFO] - [Close]------- Trade EGLDUSDT is closed with profit: 0,00000000
2024-06-24 21:36:16 [INFO] - Buy [SHORT] ready : EGLDUSDT, quantity: 0.71,  
2024-06-24 21:36:18 [ERROR] - Error checking symbol GTCUSDT
java.lang.NumberFormatException: null
	at java.base/java.math.BigDecimal.<init>(BigDecimal.java:703)
	at java.base/java.math.BigDecimal.<init>(BigDecimal.java:919)
	at org.ta4j.core.Decimal.<init>(Decimal.java:74)
	at org.ta4j.core.Decimal.valueOf(Decimal.java:504)
	at com.my.copybot.util.BinanceTa4jUtils.convertToTa4jTick(BinanceTa4jUtils.java:39)
	at com.my.copybot.util.BinanceTa4jUtils.convertToTimeSeries(BinanceTa4jUtils.java:25)
	at com.my.copybot.CopyBot.checkSymbol(CopyBot.java:312)
	at com.my.copybot.CopyBot.mainProcess(CopyBot.java:669)
	at com.my.copybot.CopyBot.lambda$process$0(CopyBot.java:230)
	at java.base/java.lang.Thread.run(Thread.java:1583)
Caused by: java.lang.ArrayIndexOutOfBoundsException: null
2024-06-24 21:36:20 [INFO] - Trying to buy LTCUSDT, quantity: 0.29 using limit order
2024-06-24 21:36:20 [INFO] - Time out to buy LTCUSDT. Search next position 
2024-06-24 21:36:20 [INFO] - [Close]------- Trade LTCUSDT is closed with profit: 0,00000000
2024-06-24 21:36:20 [INFO] - Buy [SHORT] ready : LTCUSDT, quantity: 0.29,  
2024-06-24 21:36:23 [INFO] - Trying to buy ASTRUSDT, quantity: 307 using limit order
2024-06-24 21:36:34 [INFO] - [SHORT] Waiting to buy POWRUSDT    0 s. 
2024-06-24 21:36:44 [INFO] - [SHORT] Waiting to buy ASTRUSDT    0 s. 
2024-06-24 21:36:55 [INFO] - Buy [SHORT] ready : POWRUSDT, quantity: 98,  0.2033
2024-06-24 21:37:04 [INFO] - Buy [SHORT] ready : ASTRUSDT, quantity: 307,  0.065
2024-06-24 21:37:48 [INFO] - All symbols analyzed, time elapsed: 98.327 seconds.
2024-06-24 21:39:03 [INFO] -  SHORT : POWRUSDT. Curr : 0,20301170, buy : 0,20330000, stop : 0,21346500, Max. : 2,84 % , Min. : -1,97 % , profit: 2,84 %  [0m
2024-06-24 21:39:08 [INFO] - --------------------------------------------------------------------------------------------------------------------
2024-06-24 21:39:08 [INFO] - [36m CopyBot 1.015 ( test Edition beta. Good and Best!)    [0m
2024-06-24 21:39:08 [INFO] -  Open trades LONG: 0 SHORT:2
2024-06-24 21:39:08 [INFO] -  LONG:  []
2024-06-24 21:39:08 [INFO] -  SHORT: [POWRUSDT, ASTRUSDT]
2024-06-24 21:39:08 [INFO] - --------------------------------------------------------------------------------------------------------------------
2024-06-24 21:39:08 [INFO] - [32m Start time       : Mon Jun 24 21:34:23 CEST 2024 [0m 
2024-06-24 21:39:08 [INFO] - [32m Execute time     : 0:04:44 [0m 
2024-06-24 21:39:08 [INFO] - [32m Start Balance    : 47.24797163               Current  Balance : 47.23999595 [0m 
2024-06-24 21:39:08 [INFO] - [32m Max. Position:   : 2                         USDT Size : 20.0 [0m 
2024-06-24 21:39:08 [INFO] - --------------------------------------------------------------------------------------------------------------------
2024-06-24 21:39:11 [INFO] -  SHORT : ASTRUSDT. Curr : 0,06497000, buy : 0,06500000, stop : 0,06825000, Max. : 1,98 % , Min. : -2,46 % , profit: 0,92 %  [0m
2024-06-24 21:40:45 [INFO] - All symbols analyzed, time elapsed: 96.006 seconds.
2024-06-24 21:42:08 [INFO] - --------------------------------------------------------------------------------------------------------------------
2024-06-24 21:42:08 [INFO] - [36m CopyBot 1.015 ( test Edition beta. Good and Best!)    [0m
2024-06-24 21:42:08 [INFO] -  Open trades LONG: 0 SHORT:2
2024-06-24 21:42:08 [INFO] -  LONG:  []
2024-06-24 21:42:08 [INFO] -  SHORT: [POWRUSDT, ASTRUSDT]
2024-06-24 21:42:08 [INFO] - --------------------------------------------------------------------------------------------------------------------
2024-06-24 21:42:08 [INFO] - [32m Start time       : Mon Jun 24 21:34:23 CEST 2024 [0m 
2024-06-24 21:42:08 [INFO] - [32m Execute time     : 0:07:44 [0m 
2024-06-24 21:42:08 [INFO] - [32m Start Balance    : 47.24797163               Current  Balance : 47.23999595 [0m 
2024-06-24 21:42:08 [INFO] - [32m Max. Position:   : 2                         USDT Size : 20.0 [0m 
2024-06-24 21:42:08 [INFO] - --------------------------------------------------------------------------------------------------------------------
2024-06-24 21:42:13 [INFO] -  SHORT : POWRUSDT. Curr : 0,20260000, buy : 0,20330000, stop : 0,21346500, Max. : 8,85 % , Min. : -1,97 % , profit: 6,89 %  [0m
2024-06-24 21:42:21 [INFO] -  SHORT : ASTRUSDT. Curr : 0,06491000, buy : 0,06500000, stop : 0,06825000, Max. : 5,54 % , Min. : -2,46 % , profit: 2,77 %  [0m
2024-06-24 21:45:08 [INFO] - --------------------------------------------------------------------------------------------------------------------
2024-06-24 21:45:08 [INFO] - [36m CopyBot 1.015 ( test Edition beta. Good and Best!)    [0m
2024-06-24 21:45:08 [INFO] -  Open trades LONG: 0 SHORT:2
2024-06-24 21:45:08 [INFO] -  LONG:  []
2024-06-24 21:45:08 [INFO] -  SHORT: [POWRUSDT, ASTRUSDT]
2024-06-24 21:45:08 [INFO] - --------------------------------------------------------------------------------------------------------------------
2024-06-24 21:45:08 [INFO] - [32m Start time       : Mon Jun 24 21:34:23 CEST 2024 [0m 
2024-06-24 21:45:08 [INFO] - [32m Execute time     : 0:10:44 [0m 
2024-06-24 21:45:08 [INFO] - [32m Start Balance    : 47.24797163               Current  Balance : 47.23999595 [0m 
2024-06-24 21:45:08 [INFO] - [32m Max. Position:   : 2                         USDT Size : 20.0 [0m 
2024-06-24 21:45:08 [INFO] - --------------------------------------------------------------------------------------------------------------------
2024-06-24 21:45:24 [INFO] -  SHORT : POWRUSDT. Curr : 0,20263349, buy : 0,20330000, stop : 0,21346500, Max. : 8,85 % , Min. : -1,97 % , profit: 6,56 %  [0m
2024-06-24 21:45:32 [INFO] - [31mSHORT : ASTRUSDT. Curr : 0,06512000, buy : 0,06500000, stop : 0,06825000, Max. : 5,54 % , Min. : -3,83 % , profit: -3,69 %  [0m
2024-06-24 21:46:43 [INFO] - All symbols analyzed, time elapsed: 94.756 seconds.
2024-06-24 21:48:08 [INFO] - --------------------------------------------------------------------------------------------------------------------
2024-06-24 21:48:08 [INFO] - [36m CopyBot 1.015 ( test Edition beta. Good and Best!)    [0m
2024-06-24 21:48:08 [INFO] -  Open trades LONG: 0 SHORT:2
2024-06-24 21:48:08 [INFO] -  LONG:  []
2024-06-24 21:48:08 [INFO] -  SHORT: [POWRUSDT, ASTRUSDT]
2024-06-24 21:48:08 [INFO] - --------------------------------------------------------------------------------------------------------------------
2024-06-24 21:48:08 [INFO] - [32m Start time       : Mon Jun 24 21:34:23 CEST 2024 [0m 
2024-06-24 21:48:08 [INFO] - [32m Execute time     : 0:13:44 [0m 
2024-06-24 21:48:09 [INFO] - [32m Start Balance    : 47.24797163               Current  Balance : 47.23999595 [0m 
2024-06-24 21:48:09 [INFO] - [32m Max. Position:   : 2                         USDT Size : 20.0 [0m 
2024-06-24 21:48:09 [INFO] - --------------------------------------------------------------------------------------------------------------------
2024-06-24 21:48:36 [INFO] -  SHORT : POWRUSDT. Curr : 0,20265478, buy : 0,20330000, stop : 0,21346500, Max. : 8,85 % , Min. : -1,97 % , profit: 6,35 %  [0m
2024-06-24 21:48:43 [INFO] - [31mSHORT : ASTRUSDT. Curr : 0,06501629, buy : 0,06500000, stop : 0,06825000, Max. : 5,54 % , Min. : -3,83 % , profit: -0,50 %  [0m
2024-06-24 21:49:45 [INFO] - All symbols analyzed, time elapsed: 95.882 seconds.
2024-06-24 21:51:08 [INFO] - --------------------------------------------------------------------------------------------------------------------
2024-06-24 21:51:08 [INFO] - [36m CopyBot 1.015 ( test Edition beta. Good and Best!)    [0m
2024-06-24 21:51:08 [INFO] -  Open trades LONG: 0 SHORT:2
2024-06-24 21:51:08 [INFO] -  LONG:  []
2024-06-24 21:51:08 [INFO] -  SHORT: [POWRUSDT, ASTRUSDT]
2024-06-24 21:51:08 [INFO] - --------------------------------------------------------------------------------------------------------------------
2024-06-24 21:51:08 [INFO] - [32m Start time       : Mon Jun 24 21:34:23 CEST 2024 [0m 
2024-06-24 21:51:08 [INFO] - [32m Execute time     : 0:16:44 [0m 
2024-06-24 21:51:09 [INFO] - [32m Start Balance    : 47.24797163               Current  Balance : 47.23999595 [0m 
2024-06-24 21:51:09 [INFO] - [32m Max. Position:   : 2                         USDT Size : 20.0 [0m 
2024-06-24 21:51:09 [INFO] - --------------------------------------------------------------------------------------------------------------------
2024-06-24 21:51:46 [INFO] -  SHORT : POWRUSDT. Curr : 0,20220000, buy : 0,20330000, stop : 0,21346500, Max. : 13,77 % , Min. : -1,97 % , profit: 10,82 %  [0m
2024-06-24 21:51:53 [INFO] -  SHORT : ASTRUSDT. Curr : 0,06481898, buy : 0,06500000, stop : 0,06825000, Max. : 7,08 % , Min. : -3,83 % , profit: 5,57 %  [0m
2024-06-24 21:52:44 [INFO] - All symbols analyzed, time elapsed: 94.524 seconds.
2024-06-24 21:54:08 [INFO] - --------------------------------------------------------------------------------------------------------------------
2024-06-24 21:54:08 [INFO] - [36m CopyBot 1.015 ( test Edition beta. Good and Best!)    [0m
2024-06-24 21:54:08 [INFO] -  Open trades LONG: 0 SHORT:2
2024-06-24 21:54:08 [INFO] -  LONG:  []
2024-06-24 21:54:08 [INFO] -  SHORT: [POWRUSDT, ASTRUSDT]
2024-06-24 21:54:08 [INFO] - --------------------------------------------------------------------------------------------------------------------
2024-06-24 21:54:08 [INFO] - [32m Start time       : Mon Jun 24 21:34:23 CEST 2024 [0m 
2024-06-24 21:54:08 [INFO] - [32m Execute time     : 0:19:44 [0m 
2024-06-24 21:54:09 [INFO] - [32m Start Balance    : 47.24797163               Current  Balance : 47.23999595 [0m 
2024-06-24 21:54:09 [INFO] - [32m Max. Position:   : 2                         USDT Size : 20.0 [0m 
2024-06-24 21:54:09 [INFO] - --------------------------------------------------------------------------------------------------------------------
2024-06-24 21:54:55 [INFO] -  SHORT : POWRUSDT. Curr : 0,20265666, buy : 0,20330000, stop : 0,21346500, Max. : 13,77 % , Min. : -1,97 % , profit: 6,33 %  [0m
2024-06-24 21:55:03 [INFO] -  SHORT : ASTRUSDT. Curr : 0,06496355, buy : 0,06500000, stop : 0,06825000, Max. : 7,08 % , Min. : -3,83 % , profit: 1,12 %  [0m
2024-06-24 21:55:44 [INFO] - All symbols analyzed, time elapsed: 94.184 seconds.
2024-06-24 21:57:08 [INFO] - --------------------------------------------------------------------------------------------------------------------
2024-06-24 21:57:08 [INFO] - [36m CopyBot 1.015 ( test Edition beta. Good and Best!)    [0m
2024-06-24 21:57:08 [INFO] -  Open trades LONG: 0 SHORT:2
2024-06-24 21:57:08 [INFO] -  LONG:  []
2024-06-24 21:57:08 [INFO] -  SHORT: [POWRUSDT, ASTRUSDT]
2024-06-24 21:57:08 [INFO] - --------------------------------------------------------------------------------------------------------------------
2024-06-24 21:57:08 [INFO] - [32m Start time       : Mon Jun 24 21:34:23 CEST 2024 [0m 
2024-06-24 21:57:08 [INFO] - [32m Execute time     : 0:22:44 [0m 
2024-06-24 21:57:09 [INFO] - [32m Start Balance    : 47.24797163               Current  Balance : 47.23999595 [0m 
2024-06-24 21:57:09 [INFO] - [32m Max. Position:   : 2                         USDT Size : 20.0 [0m 
2024-06-24 21:57:09 [INFO] - --------------------------------------------------------------------------------------------------------------------
2024-06-24 21:58:05 [INFO] -  SHORT : POWRUSDT. Curr : 0,20232863, buy : 0,20330000, stop : 0,21346500, Max. : 13,77 % , Min. : -1,97 % , profit: 9,56 %  [0m
2024-06-24 21:58:13 [INFO] -  SHORT : ASTRUSDT. Curr : 0,06479639, buy : 0,06500000, stop : 0,06825000, Max. : 10,87 % , Min. : -3,83 % , profit: 6,26 %  [0m
2024-06-24 21:58:44 [INFO] - All symbols analyzed, time elapsed: 94.175 seconds.
2024-06-24 22:00:08 [INFO] - --------------------------------------------------------------------------------------------------------------------
2024-06-24 22:00:08 [INFO] - [36m CopyBot 1.015 ( test Edition beta. Good and Best!)    [0m
2024-06-24 22:00:08 [INFO] -  Open trades LONG: 0 SHORT:2
2024-06-24 22:00:08 [INFO] -  LONG:  []
2024-06-24 22:00:08 [INFO] -  SHORT: [POWRUSDT, ASTRUSDT]
2024-06-24 22:00:08 [INFO] - --------------------------------------------------------------------------------------------------------------------
2024-06-24 22:00:08 [INFO] - [32m Start time       : Mon Jun 24 21:34:23 CEST 2024 [0m 
2024-06-24 22:00:08 [INFO] - [32m Execute time     : 0:25:44 [0m 
2024-06-24 22:00:09 [INFO] - [32m Start Balance    : 47.24797163               Current  Balance : 47.2409882 [0m 
2024-06-24 22:00:09 [INFO] - [32m Max. Position:   : 7                         USDT Size : 20.0 [0m 
2024-06-24 22:00:09 [INFO] - --------------------------------------------------------------------------------------------------------------------
2024-06-24 22:01:15 [INFO] - [31mSHORT : POWRUSDT. Curr : 0,20381916, buy : 0,20330000, stop : 0,21346500, Max. : 14,76 % , Min. : -5,82 % , profit: -5,11 %  [0m
2024-06-24 22:01:23 [INFO] - [31mSHORT : ASTRUSDT. Curr : 0,06523236, buy : 0,06500000, stop : 0,06825000, Max. : 11,71 % , Min. : -8,49 % , profit: -7,15 %  [0m
2024-06-24 22:01:45 [INFO] - All symbols analyzed, time elapsed: 96.178 seconds.
2024-06-24 22:03:08 [INFO] - --------------------------------------------------------------------------------------------------------------------
2024-06-24 22:03:08 [INFO] - [36m CopyBot 1.015 ( test Edition beta. Good and Best!)    [0m
2024-06-24 22:03:08 [INFO] -  Open trades LONG: 0 SHORT:2
2024-06-24 22:03:08 [INFO] -  LONG:  []
2024-06-24 22:03:08 [INFO] -  SHORT: [POWRUSDT, ASTRUSDT]
2024-06-24 22:03:08 [INFO] - --------------------------------------------------------------------------------------------------------------------
2024-06-24 22:03:08 [INFO] - [32m Start time       : Mon Jun 24 21:34:23 CEST 2024 [0m 
2024-06-24 22:03:08 [INFO] - [32m Execute time     : 0:28:44 [0m 
2024-06-24 22:03:09 [INFO] - [32m Start Balance    : 47.24797163               Current  Balance : 47.2409882 [0m 
2024-06-24 22:03:09 [INFO] - [32m Max. Position:   : 7                         USDT Size : 40.0 [0m 
2024-06-24 22:03:09 [INFO] - --------------------------------------------------------------------------------------------------------------------
2024-06-24 22:03:19 [INFO] - Trying to buy SUIUSDT, quantity: 47 using limit order
2024-06-24 22:03:40 [INFO] - [SHORT] Waiting to buy SUIUSDT    0 s. 
2024-06-24 22:03:59 [INFO] - Trying to buy OCEANUSDT, quantity: 66 using limit order
2024-06-24 22:04:19 [INFO] - [SHORT] Waiting to buy OCEANUSDT    0 s. 
2024-06-24 22:04:19 [INFO] - Buy [SHORT] ready : OCEANUSDT, quantity: 66,  0.6014
2024-06-24 22:04:26 [INFO] -  SHORT : POWRUSDT. Curr : 0,20330000, buy : 0,20330000, stop : 0,21346500, Max. : 14,76 % , Min. : -6,41 % , profit: 0,00 %  [0m
2024-06-24 22:04:33 [INFO] -  SHORT : ASTRUSDT. Curr : 0,06498528, buy : 0,06500000, stop : 0,06825000, Max. : 11,71 % , Min. : -8,56 % , profit: 0,45 %  [0m
2024-06-24 22:04:46 [INFO] - All symbols analyzed, time elapsed: 97.554 seconds.
2024-06-24 22:05:21 [INFO] - Buy [SHORT] ready : SUIUSDT, quantity: 47,  0.8476
2024-06-24 22:06:08 [INFO] - --------------------------------------------------------------------------------------------------------------------
2024-06-24 22:06:08 [INFO] - [36m CopyBot 1.015 ( test Edition beta. Good and Best!)    [0m
2024-06-24 22:06:08 [INFO] -  Open trades LONG: 0 SHORT:4
2024-06-24 22:06:08 [INFO] -  LONG:  []
2024-06-24 22:06:08 [INFO] -  SHORT: [POWRUSDT, OCEANUSDT, SUIUSDT, ASTRUSDT]
2024-06-24 22:06:08 [INFO] - --------------------------------------------------------------------------------------------------------------------
2024-06-24 22:06:08 [INFO] - [32m Start time       : Mon Jun 24 21:34:23 CEST 2024 [0m 
2024-06-24 22:06:08 [INFO] - [32m Execute time     : 0:31:44 [0m 
2024-06-24 22:06:09 [INFO] - [32m Start Balance    : 47.24797163               Current  Balance : 47.22508229 [0m 
2024-06-24 22:06:09 [INFO] - [32m Max. Position:   : 7                         USDT Size : 40.0 [0m 
2024-06-24 22:06:09 [INFO] - --------------------------------------------------------------------------------------------------------------------
2024-06-24 22:06:26 [INFO] - [31mSHORT : OCEANUSDT. Curr : 0,60300000, buy : 0,60140000, stop : 0,63147000, Max. : 0,00 % , Min. : -9,64 % , profit: -5,32 %  [0m
2024-06-24 22:07:28 [INFO] - [31mSHORT : SUIUSDT. Curr : 0,85142440, buy : 0,84760000, stop : 0,88998000, Max. : 1,72 % , Min. : -9,02 % , profit: -9,02 %  [0m
2024-06-24 22:07:36 [INFO] - [31mSHORT : POWRUSDT. Curr : 0,20473766, buy : 0,20330000, stop : 0,21346500, Max. : 14,76 % , Min. : -14,74 % , profit: -14,14 %  [0m
2024-06-24 22:07:43 [INFO] - [31mSHORT : ASTRUSDT. Curr : 0,06537000, buy : 0,06500000, stop : 0,06825000, Max. : 11,71 % , Min. : -13,24 % , profit: -11,38 %  [0m
2024-06-24 22:07:44 [INFO] - All symbols analyzed, time elapsed: 95.665 seconds.
2024-06-24 22:09:08 [INFO] - --------------------------------------------------------------------------------------------------------------------
2024-06-24 22:09:08 [INFO] - [36m CopyBot 1.015 ( test Edition beta. Good and Best!)    [0m
2024-06-24 22:09:08 [INFO] -  Open trades LONG: 0 SHORT:4
2024-06-24 22:09:08 [INFO] -  LONG:  []
2024-06-24 22:09:08 [INFO] -  SHORT: [POWRUSDT, OCEANUSDT, SUIUSDT, ASTRUSDT]
2024-06-24 22:09:08 [INFO] - --------------------------------------------------------------------------------------------------------------------
2024-06-24 22:09:08 [INFO] - [32m Start time       : Mon Jun 24 21:34:23 CEST 2024 [0m 
2024-06-24 22:09:08 [INFO] - [32m Execute time     : 0:34:44 [0m 
2024-06-24 22:09:09 [INFO] - [32m Start Balance    : 47.24797163               Current  Balance : 47.22508229 [0m 
2024-06-24 22:09:09 [INFO] - [32m Max. Position:   : 7                         USDT Size : 40.0 [0m 
2024-06-24 22:09:09 [INFO] - --------------------------------------------------------------------------------------------------------------------
2024-06-24 22:09:36 [INFO] - [31mSHORT : OCEANUSDT. Curr : 0,60516988, buy : 0,60140000, stop : 0,63147000, Max. : 0,00 % , Min. : -21,62 % , profit: -12,54 %  [0m
2024-06-24 22:10:38 [INFO] -  SHORT : SUIUSDT. Curr : 0,84740000, buy : 0,84760000, stop : 0,88998000, Max. : 2,87 % , Min. : -9,02 % , profit: 0,47 %  [0m
2024-06-24 22:10:43 [INFO] - All symbols analyzed, time elapsed: 94.344 seconds.
2024-06-24 22:10:46 [INFO] - [31mSHORT : POWRUSDT. Curr : 0,20428208, buy : 0,20330000, stop : 0,21346500, Max. : 14,76 % , Min. : -15,74 % , profit: -9,66 %  [0m
2024-06-24 22:10:53 [INFO] - [31mSHORT : ASTRUSDT. Curr : 0,06516000, buy : 0,06500000, stop : 0,06825000, Max. : 11,71 % , Min. : -13,24 % , profit: -4,92 %  [0m
2024-06-24 22:12:08 [INFO] - --------------------------------------------------------------------------------------------------------------------
2024-06-24 22:12:08 [INFO] - [36m CopyBot 1.015 ( test Edition beta. Good and Best!)    [0m
2024-06-24 22:12:08 [INFO] -  Open trades LONG: 0 SHORT:4
2024-06-24 22:12:08 [INFO] -  LONG:  []
2024-06-24 22:12:08 [INFO] -  SHORT: [POWRUSDT, OCEANUSDT, SUIUSDT, ASTRUSDT]
2024-06-24 22:12:08 [INFO] - --------------------------------------------------------------------------------------------------------------------
2024-06-24 22:12:08 [INFO] - [32m Start time       : Mon Jun 24 21:34:23 CEST 2024 [0m 
2024-06-24 22:12:08 [INFO] - [32m Execute time     : 0:37:44 [0m 
2024-06-24 22:12:09 [INFO] - [32m Start Balance    : 47.24797163               Current  Balance : 47.22508229 [0m 
2024-06-24 22:12:09 [INFO] - [32m Max. Position:   : 7                         USDT Size : 40.0 [0m 
2024-06-24 22:12:09 [INFO] - --------------------------------------------------------------------------------------------------------------------
2024-06-24 22:12:21 [INFO] - Trying to buy AGIXUSDT, quantity: 66 using limit order
2024-06-24 22:12:42 [INFO] - [SHORT] Waiting to buy AGIXUSDT    0 s. 
2024-06-24 22:12:42 [INFO] - Buy [SHORT] ready : AGIXUSDT, quantity: 66,  0.6008
2024-06-24 22:12:46 [INFO] - [31mSHORT : OCEANUSDT. Curr : 0,60260000, buy : 0,60140000, stop : 0,63147000, Max. : 0,00 % , Min. : -21,62 % , profit: -3,99 %  [0m
2024-06-24 22:13:48 [INFO] -  SHORT : SUIUSDT. Curr : 0,84681678, buy : 0,84760000, stop : 0,88998000, Max. : 7,03 % , Min. : -9,02 % , profit: 1,85 %  [0m
2024-06-24 22:13:56 [INFO] - [31mSHORT : POWRUSDT. Curr : 0,20379794, buy : 0,20330000, stop : 0,21346500, Max. : 14,76 % , Min. : -15,74 % , profit: -4,90 %  [0m
2024-06-24 22:14:03 [INFO] - [31mSHORT : ASTRUSDT. Curr : 0,06511000, buy : 0,06500000, stop : 0,06825000, Max. : 11,71 % , Min. : -13,24 % , profit: -3,38 %  [0m
2024-06-24 22:14:49 [INFO] -  SHORT : AGIXUSDT. Curr : 0,60073715, buy : 0,60080000, stop : 0,63084000, Max. : 3,12 % , Min. : -2,66 % , profit: 0,21 %  [0m
2024-06-24 22:15:08 [INFO] - --------------------------------------------------------------------------------------------------------------------
2024-06-24 22:15:08 [INFO] - [36m CopyBot 1.015 ( test Edition beta. Good and Best!)    [0m
2024-06-24 22:15:08 [INFO] -  Open trades LONG: 0 SHORT:5
2024-06-24 22:15:08 [INFO] -  LONG:  []
2024-06-24 22:15:08 [INFO] -  SHORT: [POWRUSDT, OCEANUSDT, SUIUSDT, ASTRUSDT, AGIXUSDT]
2024-06-24 22:15:08 [INFO] - --------------------------------------------------------------------------------------------------------------------
2024-06-24 22:15:08 [INFO] - [32m Start time       : Mon Jun 24 21:34:23 CEST 2024 [0m 
2024-06-24 22:15:08 [INFO] - [32m Execute time     : 0:40:44 [0m 
2024-06-24 22:15:09 [INFO] - [32m Start Balance    : 47.24797163               Current  Balance : 47.21715173 [0m 
2024-06-24 22:15:09 [INFO] - [32m Max. Position:   : 7                         USDT Size : 40.0 [0m 
2024-06-24 22:15:09 [INFO] - --------------------------------------------------------------------------------------------------------------------
2024-06-24 22:15:56 [INFO] - [31mSHORT : OCEANUSDT. Curr : 0,60260000, buy : 0,60140000, stop : 0,63147000, Max. : 1,79 % , Min. : -21,62 % , profit: -3,99 %  [0m
2024-06-24 22:16:44 [INFO] - All symbols analyzed, time elapsed: 95.049 seconds.
2024-06-24 22:16:58 [INFO] -  SHORT : SUIUSDT. Curr : 0,84573879, buy : 0,84760000, stop : 0,88998000, Max. : 7,03 % , Min. : -9,02 % , profit: 4,39 %  [0m
2024-06-24 22:17:05 [INFO] - [31mSHORT : POWRUSDT. Curr : 0,20360000, buy : 0,20330000, stop : 0,21346500, Max. : 14,76 % , Min. : -15,74 % , profit: -2,95 %  [0m
2024-06-24 22:17:13 [INFO] - [31mSHORT : ASTRUSDT. Curr : 0,06518581, buy : 0,06500000, stop : 0,06825000, Max. : 11,71 % , Min. : -13,24 % , profit: -5,72 %  [0m
2024-06-24 22:17:58 [INFO] - [31mSHORT : AGIXUSDT. Curr : 0,60230000, buy : 0,60080000, stop : 0,63084000, Max. : 3,12 % , Min. : -6,27 % , profit: -4,99 %  [0m
2024-06-24 22:18:08 [INFO] - --------------------------------------------------------------------------------------------------------------------
2024-06-24 22:18:08 [INFO] - [36m CopyBot 1.015 ( test Edition beta. Good and Best!)    [0m
2024-06-24 22:18:08 [INFO] -  Open trades LONG: 0 SHORT:5
2024-06-24 22:18:08 [INFO] -  LONG:  []
2024-06-24 22:18:08 [INFO] -  SHORT: [POWRUSDT, OCEANUSDT, SUIUSDT, ASTRUSDT, AGIXUSDT]
2024-06-24 22:18:08 [INFO] - --------------------------------------------------------------------------------------------------------------------
2024-06-24 22:18:08 [INFO] - [32m Start time       : Mon Jun 24 21:34:23 CEST 2024 [0m 
2024-06-24 22:18:08 [INFO] - [32m Execute time     : 0:43:44 [0m 
2024-06-24 22:18:09 [INFO] - [32m Start Balance    : 47.24797163               Current  Balance : 47.21715173 [0m 
2024-06-24 22:18:09 [INFO] - [32m Max. Position:   : 7                         USDT Size : 40.0 [0m 
2024-06-24 22:18:09 [INFO] - --------------------------------------------------------------------------------------------------------------------
2024-06-24 22:19:06 [INFO] - [31mSHORT : OCEANUSDT. Curr : 0,60346305, buy : 0,60140000, stop : 0,63147000, Max. : 1,79 % , Min. : -21,62 % , profit: -6,86 %  [0m
2024-06-24 22:19:37 [INFO] - Trying to buy GRTUSDT, quantity: 192 using limit order
2024-06-24 22:19:47 [INFO] - All symbols analyzed, time elapsed: 98.053 seconds.
2024-06-24 22:19:58 [INFO] - [SHORT] Waiting to buy GRTUSDT    0 s. 
2024-06-24 22:19:58 [INFO] - Buy [SHORT] ready : GRTUSDT, quantity: 192,  0.2075
2024-06-24 22:20:08 [INFO] -  SHORT : SUIUSDT. Curr : 0,84360000, buy : 0,84760000, stop : 0,88998000, Max. : 11,70 % , Min. : -9,02 % , profit: 9,44 %  [0m
2024-06-24 22:20:15 [INFO] -  SHORT : POWRUSDT. Curr : 0,20310000, buy : 0,20330000, stop : 0,21346500, Max. : 14,76 % , Min. : -15,74 % , profit: 1,97 %  [0m
2024-06-24 22:20:23 [INFO] -  SHORT : ASTRUSDT. Curr : 0,06496696, buy : 0,06500000, stop : 0,06825000, Max. : 11,71 % , Min. : -13,24 % , profit: 1,02 %  [0m
2024-06-24 22:21:08 [INFO] - --------------------------------------------------------------------------------------------------------------------
2024-06-24 22:21:08 [INFO] - [36m CopyBot 1.015 ( test Edition beta. Good and Best!)    [0m
2024-06-24 22:21:08 [INFO] -  Open trades LONG: 0 SHORT:6
2024-06-24 22:21:08 [INFO] -  LONG:  []
2024-06-24 22:21:08 [INFO] -  SHORT: [POWRUSDT, OCEANUSDT, SUIUSDT, GRTUSDT, ASTRUSDT, AGIXUSDT]
2024-06-24 22:21:08 [INFO] - --------------------------------------------------------------------------------------------------------------------
2024-06-24 22:21:08 [INFO] - [32m Start time       : Mon Jun 24 21:34:23 CEST 2024 [0m 
2024-06-24 22:21:08 [INFO] - [32m Execute time     : 0:46:44 [0m 
2024-06-24 22:21:08 [INFO] -  SHORT : AGIXUSDT. Curr : 0,59924581, buy : 0,60080000, stop : 0,63084000, Max. : 5,17 % , Min. : -7,42 % , profit: 5,17 %  [0m
2024-06-24 22:21:09 [INFO] - [32m Start Balance    : 47.24797163               Current  Balance : 47.19723173 [0m 
2024-06-24 22:21:09 [INFO] - [32m Max. Position:   : 7                         USDT Size : 40.0 [0m 
2024-06-24 22:21:09 [INFO] - --------------------------------------------------------------------------------------------------------------------
2024-06-24 22:21:32 [INFO] - Trying to buy IOTXUSDT, quantity: 1030 using limit order
2024-06-24 22:21:52 [INFO] - [SHORT] Waiting to buy IOTXUSDT    0 s. 
2024-06-24 22:21:52 [INFO] - Buy [SHORT] ready : IOTXUSDT, quantity: 1030,  0.03887
2024-06-24 22:22:05 [INFO] -  SHORT : GRTUSDT. Curr : 0,20650000, buy : 0,20750000, stop : 0,21787500, Max. : 9,64 % , Min. : -2,51 % , profit: 9,64 %  [0m
2024-06-24 22:22:16 [INFO] -  SHORT : OCEANUSDT. Curr : 0,59911320, buy : 0,60140000, stop : 0,63147000, Max. : 8,27 % , Min. : -21,62 % , profit: 7,60 %  [0m
2024-06-24 22:22:45 [INFO] - All symbols analyzed, time elapsed: 96.627 seconds.
2024-06-24 22:23:18 [INFO] -  SHORT : SUIUSDT. Curr : 0,84130000, buy : 0,84760000, stop : 0,88998000, Max. : 18,98 % , Min. : -9,02 % , profit: 14,87 %  [0m
2024-06-24 22:23:26 [INFO] -  SHORT : POWRUSDT. Curr : 0,20280000, buy : 0,20330000, stop : 0,21346500, Max. : 14,76 % , Min. : -15,74 % , profit: 4,92 %  [0m
2024-06-24 22:23:33 [INFO] -  SHORT : ASTRUSDT. Curr : 0,06483000, buy : 0,06500000, stop : 0,06825000, Max. : 11,87 % , Min. : -13,24 % , profit: 5,23 %  [0m
2024-06-24 22:24:01 [INFO] - [31mSHORT : IOTXUSDT. Curr : 0,03894000, buy : 0,03887000, stop : 0,04081350, Max. : 0,51 % , Min. : -5,15 % , profit: -3,60 %  [0m
2024-06-24 22:24:08 [INFO] - --------------------------------------------------------------------------------------------------------------------
2024-06-24 22:24:08 [INFO] - [36m CopyBot 1.015 ( test Edition beta. Good and Best!)    [0m
2024-06-24 22:24:08 [INFO] -  Open trades LONG: 0 SHORT:7
2024-06-24 22:24:08 [INFO] -  LONG:  []
2024-06-24 22:24:08 [INFO] -  SHORT: [IOTXUSDT, POWRUSDT, OCEANUSDT, SUIUSDT, GRTUSDT, ASTRUSDT, AGIXUSDT]
2024-06-24 22:24:08 [INFO] - --------------------------------------------------------------------------------------------------------------------
2024-06-24 22:24:08 [INFO] - [32m Start time       : Mon Jun 24 21:34:23 CEST 2024 [0m 
2024-06-24 22:24:08 [INFO] - [32m Execute time     : 0:49:44 [0m 
2024-06-24 22:24:09 [INFO] - [32m Start Balance    : 47.24797163               Current  Balance : 47.1772124 [0m 
2024-06-24 22:24:09 [INFO] - [32m Max. Position:   : 7                         USDT Size : 40.0 [0m 
2024-06-24 22:24:09 [INFO] - --------------------------------------------------------------------------------------------------------------------
2024-06-24 22:24:20 [INFO] -  SHORT : AGIXUSDT. Curr : 0,59850000, buy : 0,60080000, stop : 0,63084000, Max. : 10,91 % , Min. : -7,42 % , profit: 7,66 %  [0m
2024-06-24 22:25:17 [INFO] -  SHORT : GRTUSDT. Curr : 0,20683079, buy : 0,20750000, stop : 0,21787500, Max. : 9,64 % , Min. : -2,51 % , profit: 6,45 %  [0m
2024-06-24 22:25:28 [INFO] -  SHORT : OCEANUSDT. Curr : 0,59980000, buy : 0,60140000, stop : 0,63147000, Max. : 8,27 % , Min. : -21,62 % , profit: 5,32 %  [0m
2024-06-24 22:25:46 [INFO] - All symbols analyzed, time elapsed: 94.013 seconds.
2024-06-24 22:26:30 [INFO] -  SHORT : SUIUSDT. Curr : 0,84010822, buy : 0,84760000, stop : 0,88998000, Max. : 19,01 % , Min. : -9,02 % , profit: 17,68 %  [0m
2024-06-24 22:26:38 [INFO] -  SHORT : POWRUSDT. Curr : 0,20260000, buy : 0,20330000, stop : 0,21346500, Max. : 14,76 % , Min. : -15,74 % , profit: 6,89 %  [0m
2024-06-24 22:26:45 [INFO] -  SHORT : ASTRUSDT. Curr : 0,06476000, buy : 0,06500000, stop : 0,06825000, Max. : 11,87 % , Min. : -13,24 % , profit: 7,38 %  [0m
2024-06-24 22:27:08 [INFO] - --------------------------------------------------------------------------------------------------------------------
2024-06-24 22:27:08 [INFO] - [36m CopyBot 1.015 ( test Edition beta. Good and Best!)    [0m
2024-06-24 22:27:08 [INFO] -  Open trades LONG: 0 SHORT:7
2024-06-24 22:27:08 [INFO] -  LONG:  []
2024-06-24 22:27:08 [INFO] -  SHORT: [IOTXUSDT, POWRUSDT, OCEANUSDT, SUIUSDT, GRTUSDT, ASTRUSDT, AGIXUSDT]
2024-06-24 22:27:08 [INFO] - --------------------------------------------------------------------------------------------------------------------
2024-06-24 22:27:08 [INFO] - [32m Start time       : Mon Jun 24 21:34:23 CEST 2024 [0m 
2024-06-24 22:27:08 [INFO] - [32m Execute time     : 0:52:44 [0m 
2024-06-24 22:27:09 [INFO] - [32m Start Balance    : 47.24797163               Current  Balance : 47.1772124 [0m 
2024-06-24 22:27:09 [INFO] - [32m Max. Position:   : 7                         USDT Size : 40.0 [0m 
2024-06-24 22:27:09 [INFO] - --------------------------------------------------------------------------------------------------------------------
2024-06-24 22:27:13 [INFO] - [31mSHORT : IOTXUSDT. Curr : 0,03889127, buy : 0,03887000, stop : 0,04081350, Max. : 0,51 % , Min. : -5,15 % , profit: -1,09 %  [0m
2024-06-24 22:27:31 [INFO] -  SHORT : AGIXUSDT. Curr : 0,59710191, buy : 0,60080000, stop : 0,63084000, Max. : 12,31 % , Min. : -7,42 % , profit: 12,31 %  [0m
2024-06-24 22:28:28 [INFO] -  SHORT : GRTUSDT. Curr : 0,20635414, buy : 0,20750000, stop : 0,21787500, Max. : 11,04 % , Min. : -2,51 % , profit: 11,04 %  [0m
2024-06-24 22:28:40 [INFO] -  SHORT : OCEANUSDT. Curr : 0,59741136, buy : 0,60140000, stop : 0,63147000, Max. : 13,26 % , Min. : -21,62 % , profit: 13,26 %  [0m
2024-06-24 22:28:46 [INFO] - All symbols analyzed, time elapsed: 93.576 seconds.
2024-06-24 22:29:37 [INFO] - Created CLOSE order: N0SjJjjMvuPAYWo81lLeQn SUIUSDT
2024-06-24 22:29:37 [INFO] - [Close]------- Trade SUIUSDT is closed with profit: 0,54050000
2024-06-24 22:29:37 [INFO] - [STOP][SHORT] :  ---------  Closed order for symbol: SUIUSDT. Current price: 0,83610000, profit: 0.5405000000000031
2024-06-24 22:29:50 [INFO] -  SHORT : POWRUSDT. Curr : 0,20170000, buy : 0,20330000, stop : 0,21346500, Max. : 18,95 % , Min. : -15,74 % , profit: 15,74 %  [0m
2024-06-24 22:29:58 [INFO] -  SHORT : ASTRUSDT. Curr : 0,06446000, buy : 0,06500000, stop : 0,06825000, Max. : 21,23 % , Min. : -13,24 % , profit: 16,62 %  [0m
2024-06-24 22:30:08 [INFO] - --------------------------------------------------------------------------------------------------------------------
2024-06-24 22:30:08 [INFO] - [36m CopyBot 1.015 ( test Edition beta. Good and Best!)    [0m
2024-06-24 22:30:08 [INFO] -  Open trades LONG: 0 SHORT:6
2024-06-24 22:30:08 [INFO] -  LONG:  []
2024-06-24 22:30:08 [INFO] -  SHORT: [IOTXUSDT, POWRUSDT, OCEANUSDT, GRTUSDT, ASTRUSDT, AGIXUSDT]
2024-06-24 22:30:08 [INFO] - --------------------------------------------------------------------------------------------------------------------
2024-06-24 22:30:08 [INFO] - [32m Start time       : Mon Jun 24 21:34:23 CEST 2024 [0m 
2024-06-24 22:30:08 [INFO] - [32m Execute time     : 0:55:44 [0m 
2024-06-24 22:30:09 [INFO] - [32m Start Balance    : 47.24797163               Current  Balance : 47.6933617 [0m 
2024-06-24 22:30:09 [INFO] - [32m Max. Position:   : 7                         USDT Size : 40.0 [0m 
2024-06-24 22:30:09 [INFO] - --------------------------------------------------------------------------------------------------------------------
2024-06-24 22:30:09 [INFO] - [32mClosed trades: 1 Long: 0 Short: 1, total profit: 0,54050000, LONG: 0,00, SHORT: 0,54[0m 
2024-06-24 22:30:09 [INFO] - --------------------------------------------------------------------------------------------------------------------
2024-06-24 22:30:16 [INFO] - Trying to buy MASKUSDT, quantity: 16 using limit order
2024-06-24 22:30:25 [INFO] - Created CLOSE order: aWXa74M2HeqjS1HOPdyDLL GRTUSDT
2024-06-24 22:30:25 [INFO] - [Close]------- Trade GRTUSDT is closed with profit: 0,45504000
2024-06-24 22:30:25 [INFO] - [STOP][SHORT] :  ---------  Closed order for symbol: GRTUSDT. Current price: 0,20513000, profit: 0.4550399999999968
2024-06-24 22:30:26 [INFO] -  SHORT : IOTXUSDT. Curr : 0,03856617, buy : 0,03887000, stop : 0,04081350, Max. : 16,93 % , Min. : -5,15 % , profit: 15,63 %  [0m
2024-06-24 22:30:27 [INFO] - Created CLOSE order: pYkUidqqbYpaQGo5JvYuwG AGIXUSDT
2024-06-24 22:30:27 [INFO] - [Close]------- Trade AGIXUSDT is closed with profit: 0,52126140
2024-06-24 22:30:27 [INFO] - [STOP][SHORT] :  ---------  Closed order for symbol: AGIXUSDT. Current price: 0,59290210, profit: 0.5212614000000009
2024-06-24 22:30:28 [INFO] - Trying to buy FXSUSDT, quantity: 12 using limit order
2024-06-24 22:30:31 [INFO] - Trying to buy AMBUSDT, quantity: 6003 using limit order
2024-06-24 22:30:31 [INFO] - Created CLOSE order: sLk1oV8sycQiFFLv72W0qj OCEANUSDT
2024-06-24 22:30:31 [INFO] - [Close]------- Trade OCEANUSDT is closed with profit: 0,46200000
2024-06-24 22:30:31 [INFO] - [STOP][SHORT] :  ---------  Closed order for symbol: OCEANUSDT. Current price: 0,59440000, profit: 0.4620000000000004
2024-06-24 22:30:35 [INFO] - Trying to buy MAVIAUSDT, quantity: 23 using limit order
2024-06-24 22:30:37 [INFO] - [SHORT] Waiting to buy MASKUSDT    0 s. 
2024-06-24 22:30:49 [INFO] - [SHORT] Waiting to buy FXSUSDT    0 s. 
2024-06-24 22:30:49 [INFO] - Buy [SHORT] ready : FXSUSDT, quantity: 12,  3.1815
2024-06-24 22:30:52 [INFO] - [SHORT] Waiting to buy AMBUSDT    0 s. 
2024-06-24 22:30:56 [INFO] - [SHORT] Waiting to buy MAVIAUSDT    0 s. 
2024-06-24 22:31:13 [INFO] - Buy [SHORT] ready : AMBUSDT, quantity: 6003,  0.006666
2024-06-24 22:31:37 [INFO] - Buy [SHORT] ready : MAVIAUSDT, quantity: 23,  1.6977
2024-06-24 22:31:49 [INFO] - All symbols analyzed, time elapsed: 100.172 seconds.
2024-06-24 22:32:58 [INFO] -  SHORT : FXSUSDT. Curr : 3,18119350, buy : 3,18150000, stop : 3,34057500, Max. : 0,25 % , Min. : -4,85 % , profit: 0,19 %  [0m
2024-06-24 22:33:03 [INFO] -  SHORT : POWRUSDT. Curr : 0,20122092, buy : 0,20330000, stop : 0,21346500, Max. : 24,59 % , Min. : -15,74 % , profit: 20,45 %  [0m
2024-06-24 22:33:08 [INFO] - --------------------------------------------------------------------------------------------------------------------
2024-06-24 22:33:08 [INFO] - [36m CopyBot 1.015 ( test Edition beta. Good and Best!)    [0m
2024-06-24 22:33:08 [INFO] -  Open trades LONG: 0 SHORT:7
2024-06-24 22:33:08 [INFO] -  LONG:  []
2024-06-24 22:33:08 [INFO] -  SHORT: [MASKUSDT, AMBUSDT, IOTXUSDT, POWRUSDT, FXSUSDT, ASTRUSDT, MAVIAUSDT]
2024-06-24 22:33:08 [INFO] - --------------------------------------------------------------------------------------------------------------------
2024-06-24 22:33:08 [INFO] - [32m Start time       : Mon Jun 24 21:34:23 CEST 2024 [0m 
2024-06-24 22:33:08 [INFO] - [32m Execute time     : 0:58:44 [0m 
2024-06-24 22:33:09 [INFO] - [32m Start Balance    : 47.24797163               Current  Balance : 49.08669872 [0m 
2024-06-24 22:33:09 [INFO] - [32m Max. Position:   : 7                         USDT Size : 40.0 [0m 
2024-06-24 22:33:09 [INFO] - --------------------------------------------------------------------------------------------------------------------
2024-06-24 22:33:09 [INFO] - [32mClosed trades: 4 Long: 0 Short: 4, total profit: 1,97880140, LONG: 0,00, SHORT: 1,98[0m 
2024-06-24 22:33:09 [INFO] - --------------------------------------------------------------------------------------------------------------------
2024-06-24 22:33:11 [INFO] -  SHORT : ASTRUSDT. Curr : 0,06433000, buy : 0,06500000, stop : 0,06825000, Max. : 24,92 % , Min. : -13,24 % , profit: 20,62 %  [0m
2024-06-24 22:33:21 [INFO] - [31mSHORT : AMBUSDT. Curr : 0,00667500, buy : 0,00666600, stop : 0,00699930, Max. : 1,96 % , Min. : -3,27 % , profit: -2,70 %  [0m
2024-06-24 22:33:38 [INFO] -  SHORT : IOTXUSDT. Curr : 0,03883783, buy : 0,03887000, stop : 0,04081350, Max. : 16,93 % , Min. : -5,15 % , profit: 1,66 %  [0m
2024-06-24 22:33:41 [INFO] - Buy [SHORT] ready : MASKUSDT, quantity: 16,  2.45
2024-06-24 22:33:45 [INFO] - [31mSHORT : MAVIAUSDT. Curr : 1,70085167, buy : 1,69770000, stop : 1,78258500, Max. : 3,30 % , Min. : -3,71 % , profit: -3,71 %  [0m
2024-06-24 22:34:46 [INFO] - All symbols analyzed, time elapsed: 93.599 seconds.
