2024-04-07 22:45:51 [INFO] - Initializing Binance bot
2024-04-07 22:45:51 [INFO] - === Detected config file path (VM argument, optional): null ===
2024-04-07 22:45:51 [INFO] - Setting candlestick interval to: 1h
2024-04-07 22:45:55 [INFO] - Generating time series for EDUUSDT
2024-04-07 22:45:55 [INFO] - Generating time series for BTCDOMUSDT
2024-04-07 22:45:55 [INFO] - Generating time series for MANTAUSDT
2024-04-07 23:39:39 [INFO] - Initializing Binance bot
2024-04-07 23:39:40 [INFO] - === Detected config file path (VM argument, optional): null ===
2024-04-07 23:39:40 [INFO] - Setting candlestick interval to: 1h
2024-04-07 23:39:43 [INFO] - Generating time series for IDUSDT
2024-04-07 23:39:43 [INFO] - Generating time series for STEEMUSDT
2024-04-07 23:39:44 [INFO] - Generating time series for ARKUSDT
2024-04-07 23:39:45 [INFO] - Generating time series for SXPUSDT
2024-04-07 23:39:45 [INFO] - Generating time series for FRONTUSDT
2024-04-07 23:39:45 [INFO] - Generating time series for ROSEUSDT
2024-04-07 23:39:46 [INFO] - Generating time series for UMAUSDT
2024-04-07 23:39:46 [INFO] - Generating time series for 1INCHUSDT
2024-04-07 23:39:46 [INFO] - Generating time series for NMRUSDT
2024-04-07 23:39:46 [INFO] - Generating time series for LEVERUSDT
2024-04-07 23:39:47 [INFO] - Generating time series for ILVUSDT
2024-04-07 23:39:47 [INFO] - Generating time series for TLMUSDT
2024-04-07 23:39:47 [INFO] - Generating time series for XLMUSDT
2024-04-07 23:39:48 [INFO] - Generating time series for NEARUSDT
2024-04-07 23:39:48 [INFO] - Generating time series for BANDUSDT
2024-04-07 23:39:48 [INFO] - Generating time series for KEYUSDT
2024-04-07 23:39:49 [INFO] - Generating time series for MAVUSDT
2024-04-07 23:39:50 [INFO] - Generating time series for COTIUSDT
2024-04-07 23:39:50 [INFO] - Generating time series for XEMUSDT
2024-04-07 23:39:50 [INFO] - Generating time series for OPUSDT
2024-04-07 23:39:50 [INFO] - Generating time series for AXLUSDT
2024-04-07 23:39:51 [INFO] - Generating time series for ACHUSDT
2024-04-07 23:39:51 [INFO] - Generating time series for XVSUSDT
2024-04-07 23:39:52 [INFO] - Generating time series for TWTUSDT
2024-04-07 23:39:52 [INFO] - Generating time series for GLMUSDT
2024-04-07 23:39:52 [INFO] - Generating time series for IMXUSDT
2024-04-07 23:39:53 [INFO] - Generating time series for HFTUSDT
2024-04-07 23:39:53 [INFO] - Generating time series for EOSUSDT
2024-04-07 23:39:53 [INFO] - Generating time series for ETHUSDT
2024-04-07 23:39:53 [INFO] - Generating time series for TRXUSDT
2024-04-07 23:39:54 [INFO] - Generating time series for ANTUSDT
2024-04-07 23:39:54 [INFO] - Generating time series for LOOMUSDT
2024-04-07 23:39:54 [INFO] - Generating time series for CAKEUSDT
2024-04-07 23:39:54 [INFO] - Generating time series for PERPUSDT
2024-04-07 23:39:55 [INFO] - Generating time series for ONTUSDT
2024-04-07 23:39:56 [INFO] - Generating time series for 1000XECUSDT
2024-04-07 23:39:56 [INFO] - Generating time series for TIAUSDT
2024-04-07 23:39:56 [INFO] - Generating time series for YGGUSDT
2024-04-07 23:39:56 [INFO] - Generating time series for RVNUSDT
2024-04-07 23:39:57 [INFO] - Generating time series for MOVRUSDT
2024-04-07 23:39:57 [INFO] - Generating time series for AXSUSDT
2024-04-07 23:39:57 [INFO] - Generating time series for ALICEUSDT
2024-04-07 23:39:57 [INFO] - Generating time series for ZECUSDT
2024-04-07 23:39:58 [INFO] - Generating time series for ATOMUSDT
2024-04-07 23:39:58 [INFO] - Generating time series for CVXUSDT
2024-04-07 23:39:58 [INFO] - Generating time series for ACEUSDT
2024-04-07 23:39:59 [INFO] - Generating time series for 1000LUNCUSDT
2024-04-07 23:39:59 [INFO] - Generating time series for 1000SHIBUSDT
2024-04-07 23:39:59 [INFO] - Generating time series for DOTUSDT
2024-04-07 23:39:59 [INFO] - Generating time series for STORJUSDT
2024-04-07 23:40:00 [INFO] - Generating time series for ARBUSDT
2024-04-07 23:40:00 [INFO] - Generating time series for TOMOUSDT
2024-04-07 23:40:00 [INFO] - Generating time series for BAKEUSDT
2024-04-07 23:40:00 [INFO] - Generating time series for JTOUSDT
2024-04-07 23:40:01 [INFO] - Generating time series for ARUSDT
2024-04-07 23:40:01 [INFO] - Generating time series for ZETAUSDT
2024-04-07 23:40:01 [INFO] - Generating time series for CTSIUSDT
2024-04-07 23:40:02 [INFO] - Generating time series for ASTRUSDT
2024-04-07 23:40:03 [INFO] - Generating time series for DENTUSDT
2024-04-07 23:40:04 [INFO] - Generating time series for OCEANUSDT
2024-04-07 23:40:04 [INFO] - Generating time series for OGNUSDT
2024-04-07 23:40:04 [INFO] - Generating time series for DEFIUSDT
2024-04-07 23:40:04 [INFO] - Generating time series for STPTUSDT
2024-04-07 23:40:05 [INFO] - Generating time series for POLYXUSDT
2024-04-07 23:40:05 [INFO] - Generating time series for MAVIAUSDT
2024-04-07 23:40:05 [INFO] - Generating time series for FTTUSDT
2024-04-07 23:40:06 [INFO] - Generating time series for JASMYUSDT
2024-04-07 23:40:06 [INFO] - Generating time series for KASUSDT
