2024-06-30 16:00:07 [INFO] - Initializing Binance bot
2024-06-30 16:00:07 [INFO] - === Detected config file path (VM argument, optional): null ===
2024-06-30 16:00:07 [INFO] - Setting add1 candlestick interval to: 15m
2024-06-30 16:00:07 [INFO] - Setting candlestick interval to: 1h
2024-06-30 16:00:07 [INFO] - Setting add2 candlestick interval to: 12h
2024-06-30 16:00:10 [INFO] - Generating time series for BADGERUSDT
2024-06-30 16:00:11 [INFO] - Generating time series for MDTUSDT
2024-06-30 16:00:12 [INFO] - Generating time series for SNXUSDT
2024-06-30 16:00:12 [INFO] - Generating time series for YGGUSDT
2024-06-30 16:00:13 [INFO] - Generating time series for ENAUSDT
2024-06-30 16:00:14 [INFO] - Generating time series for STRAXUSDT
2024-06-30 16:00:15 [INFO] - Generating time series for BELUSDT
2024-06-30 16:00:15 [INFO] - Generating time series for DYDXUSDT
2024-06-30 16:00:15 [INFO] - Generating time series for JTOUSDT
2024-06-30 16:00:17 [INFO] - Generating time series for STMXUSDT
2024-06-30 16:00:18 [INFO] - Generating time series for LISTAUSDT
2024-06-30 16:00:18 [INFO] - Generating time series for COMBOUSDT
2024-06-30 16:00:20 [INFO] - Generating time series for BEAMXUSDT
2024-06-30 16:00:20 [INFO] - Generating time series for OXTUSDT
2024-06-30 16:00:20 [INFO] - Generating time series for SOLUSDT
2024-06-30 16:00:21 [INFO] - Generating time series for HIFIUSDT
2024-06-30 16:00:21 [INFO] - Generating time series for SUPERUSDT
2024-06-30 16:00:22 [INFO] - Generating time series for 1000LUNCUSDT
2024-06-30 16:00:22 [INFO] - Generating time series for RONINUSDT
2024-06-30 16:00:22 [INFO] - Generating time series for ENSUSDT
2024-06-30 16:00:22 [INFO] - Generating time series for AGLDUSDT
2024-06-30 16:00:23 [INFO] - Generating time series for 1000SATSUSDT
2024-06-30 16:00:23 [INFO] - Generating time series for DARUSDT
2024-06-30 16:00:23 [INFO] - Generating time series for FRONTUSDT
2024-06-30 16:00:23 [INFO] - Generating time series for NTRNUSDT
2024-06-30 16:00:24 [INFO] - Generating time series for MOVRUSDT
2024-06-30 16:00:24 [INFO] - Generating time series for ICPUSDT
2024-06-30 16:00:24 [INFO] - Generating time series for LITUSDT
2024-06-30 16:00:25 [INFO] - Generating time series for POLYXUSDT
2024-06-30 16:00:25 [INFO] - Generating time series for BLZUSDT
2024-06-30 16:00:25 [INFO] - Generating time series for BTCUSDT_241227
2024-06-30 16:00:25 [INFO] - Generating time series for DENTUSDT
2024-06-30 16:00:26 [INFO] - Generating time series for MINAUSDT
2024-06-30 16:00:26 [INFO] - Generating time series for ZECUSDT
2024-06-30 16:00:26 [INFO] - Generating time series for BSVUSDT
2024-06-30 16:00:27 [INFO] - Generating time series for STXUSDT
2024-06-30 16:00:27 [INFO] - Generating time series for 1000RATSUSDT
2024-06-30 16:00:27 [INFO] - Generating time series for CHRUSDT
2024-06-30 16:00:27 [INFO] - Generating time series for CRVUSDT
2024-06-30 16:00:28 [INFO] - Generating time series for CELRUSDT
2024-06-30 16:00:28 [INFO] - Generating time series for BANDUSDT
2024-06-30 16:00:28 [INFO] - Generating time series for OMNIUSDT
2024-06-30 16:00:29 [INFO] - Generating time series for MANTAUSDT
2024-06-30 16:00:29 [INFO] - Generating time series for SPELLUSDT
2024-06-30 16:00:29 [INFO] - Generating time series for DASHUSDT
2024-06-30 16:00:29 [INFO] - Generating time series for DYMUSDT
2024-06-30 16:00:30 [INFO] - Generating time series for ALPHAUSDT
2024-06-30 16:00:30 [INFO] - Generating time series for GRTUSDT
2024-06-30 16:00:30 [INFO] - Generating time series for LEVERUSDT
2024-06-30 16:00:31 [INFO] - Generating time series for CYBERUSDT
2024-06-30 16:00:31 [INFO] - Generating time series for XVSUSDT
2024-06-30 16:00:31 [INFO] - Generating time series for ENJUSDT
2024-06-30 16:00:31 [INFO] - Generating time series for COCOSUSDT
2024-06-30 16:00:32 [INFO] - Generating time series for BALUSDT
2024-06-30 16:00:32 [INFO] - Generating time series for ARBUSDT
2024-06-30 16:00:32 [INFO] - Generating time series for PIXELUSDT
2024-06-30 16:00:33 [INFO] - Generating time series for VANRYUSDT
2024-06-30 16:00:33 [INFO] - Generating time series for STORJUSDT
2024-06-30 16:00:33 [INFO] - Generating time series for TOKENUSDT
2024-06-30 16:00:33 [INFO] - Generating time series for ETHUSDT_241227
2024-06-30 16:00:34 [INFO] - Generating time series for ZROUSDT
2024-06-30 16:00:34 [INFO] - Generating time series for TURBOUSDT
2024-06-30 16:00:34 [INFO] - Generating time series for STPTUSDT
2024-06-30 16:00:35 [INFO] - Generating time series for ARPAUSDT
2024-06-30 16:00:35 [INFO] - Generating time series for CTSIUSDT
2024-06-30 16:00:35 [INFO] - Generating time series for JASMYUSDT
2024-06-30 16:00:35 [INFO] - Generating time series for FTMUSDT
2024-06-30 16:00:36 [INFO] - Generating time series for QNTUSDT
2024-06-30 16:00:36 [INFO] - Generating time series for 1000SHIBUSDT
2024-06-30 16:00:36 [INFO] - Generating time series for BTCSTUSDT
2024-06-30 16:00:37 [INFO] - Generating time series for NEARUSDT
2024-06-30 16:00:37 [INFO] - Generating time series for ANTUSDT
2024-06-30 16:00:37 [INFO] - Generating time series for KASUSDT
2024-06-30 16:00:37 [INFO] - Generating time series for DODOXUSDT
2024-06-30 16:00:38 [INFO] - Generating time series for BTCUSDT
2024-06-30 16:00:38 [INFO] - Generating time series for ZKUSDT
2024-06-30 16:00:38 [INFO] - Generating time series for NOTUSDT
2024-06-30 16:00:39 [INFO] - Generating time series for ICXUSDT
2024-06-30 16:00:39 [INFO] - Generating time series for XMRUSDT
2024-06-30 16:00:39 [INFO] - Generating time series for EGLDUSDT
2024-06-30 16:00:40 [INFO] - Generating time series for ACHUSDT
2024-06-30 16:00:40 [INFO] - Generating time series for UMAUSDT
2024-06-30 16:00:40 [INFO] - Generating time series for LRCUSDT
2024-06-30 16:00:40 [INFO] - Generating time series for FILUSDT
2024-06-30 16:00:41 [INFO] - Generating time series for TIAUSDT
2024-06-30 16:00:41 [INFO] - Generating time series for KLAYUSDT
2024-06-30 16:00:41 [INFO] - Generating time series for APEUSDT
2024-06-30 16:00:42 [INFO] - Generating time series for BTCDOMUSDT
2024-06-30 16:00:42 [INFO] - Generating time series for ATAUSDT
2024-06-30 16:00:42 [INFO] - Generating time series for SAGAUSDT
2024-06-30 16:00:42 [INFO] - Generating time series for JUPUSDT
2024-06-30 16:00:43 [INFO] - Generating time series for IOSTUSDT
2024-06-30 16:00:43 [INFO] - Generating time series for XTZUSDT
2024-06-30 16:00:43 [INFO] - Generating time series for API3USDT
2024-06-30 16:00:43 [INFO] - Generating time series for ALGOUSDT
2024-06-30 16:00:44 [INFO] - Generating time series for BICOUSDT
2024-06-30 16:00:44 [INFO] - Generating time series for 1000FLOKIUSDT
2024-06-30 16:00:44 [INFO] - Generating time series for TRBUSDT
2024-06-30 16:00:45 [INFO] - Generating time series for GALAUSDT
2024-06-30 16:00:45 [INFO] - Generating time series for MEWUSDT
2024-06-30 16:00:45 [INFO] - Generating time series for ETHUSDT_240628
2024-06-30 16:00:45 [INFO] - Generating time series for SRMUSDT
2024-06-30 16:00:46 [INFO] - Generating time series for MBLUSDT
2024-06-30 16:00:46 [INFO] - Generating time series for MEMEUSDT
2024-06-30 16:00:46 [INFO] - Generating time series for HOOKUSDT
2024-06-30 16:00:47 [INFO] - Generating time series for RLCUSDT
2024-06-30 16:00:47 [INFO] - Generating time series for IOUSDT
2024-06-30 16:00:47 [INFO] - Generating time series for RENUSDT
2024-06-30 16:00:47 [INFO] - Generating time series for ONDOUSDT
2024-06-30 16:00:48 [INFO] - Generating time series for BIGTIMEUSDT
2024-06-30 16:00:48 [INFO] - Generating time series for ILVUSDT
2024-06-30 16:00:48 [INFO] - Generating time series for FOOTBALLUSDT
2024-06-30 16:00:49 [INFO] - Generating time series for XEMUSDT
2024-06-30 16:00:49 [INFO] - Generating time series for REZUSDT
2024-06-30 16:00:49 [INFO] - Generating time series for 1000BONKUSDT
2024-06-30 16:00:49 [INFO] - Generating time series for TLMUSDT
2024-06-30 16:00:50 [INFO] - Generating time series for SUIUSDT
2024-06-30 16:00:50 [INFO] - Generating time series for MASKUSDT
2024-06-30 16:00:50 [INFO] - Generating time series for BLURUSDT
2024-06-30 16:00:51 [INFO] - Generating time series for RUNEUSDT
2024-06-30 16:00:51 [INFO] - Generating time series for OCEANUSDT
2024-06-30 16:00:51 [INFO] - Generating time series for LSKUSDT
2024-06-30 16:00:51 [INFO] - Generating time series for CAKEUSDT
2024-06-30 16:00:52 [INFO] - Generating time series for UNIUSDT
2024-06-30 16:00:52 [INFO] - Generating time series for PYTHUSDT
2024-06-30 16:00:52 [INFO] - Generating time series for USTCUSDT
2024-06-30 16:00:52 [INFO] - Generating time series for GMTUSDT
2024-06-30 16:00:53 [INFO] - Generating time series for SUSHIUSDT
2024-06-30 16:00:53 [INFO] - Generating time series for COTIUSDT
2024-06-30 16:00:53 [INFO] - Generating time series for ARKMUSDT
2024-06-30 16:00:54 [INFO] - Generating time series for COMPUSDT
2024-06-30 16:00:54 [INFO] - Generating time series for KAVAUSDT
2024-06-30 16:00:54 [INFO] - Generating time series for OGNUSDT
2024-06-30 16:00:54 [INFO] - Generating time series for KEYUSDT
2024-06-30 16:00:55 [INFO] - Generating time series for PERPUSDT
2024-06-30 16:00:55 [INFO] - Generating time series for APTUSDT
2024-06-30 16:00:55 [INFO] - Generating time series for OPUSDT
2024-06-30 16:00:56 [INFO] - Generating time series for RAYUSDT
2024-06-30 16:00:56 [INFO] - Generating time series for LDOUSDT
2024-06-30 16:00:56 [INFO] - Generating time series for PEOPLEUSDT
2024-06-30 16:00:56 [INFO] - Generating time series for SSVUSDT
2024-06-30 16:00:57 [INFO] - Generating time series for ACEUSDT
2024-06-30 16:00:57 [INFO] - Generating time series for SEIUSDT
2024-06-30 16:00:57 [INFO] - Generating time series for ORDIUSDT
2024-06-30 16:00:58 [INFO] - Generating time series for ROSEUSDT
2024-06-30 16:00:58 [INFO] - Generating time series for MAGICUSDT
2024-06-30 16:00:58 [INFO] - Generating time series for GLMUSDT
2024-06-30 16:00:58 [INFO] - Generating time series for ETHWUSDT
2024-06-30 16:00:59 [INFO] - Generating time series for POWRUSDT
2024-06-30 16:00:59 [INFO] - Generating time series for ATOMUSDT
2024-06-30 16:00:59 [INFO] - Generating time series for BLUEBIRDUSDT
2024-06-30 16:01:00 [INFO] - Generating time series for BOMEUSDT
2024-06-30 16:01:00 [INFO] - Generating time series for AVAXUSDT
2024-06-30 16:01:00 [INFO] - Generating time series for CVXUSDT
2024-06-30 16:01:00 [INFO] - Generating time series for TNSRUSDT
2024-06-30 16:01:01 [INFO] - Generating time series for KNCUSDT
2024-06-30 16:01:01 [INFO] - Generating time series for ZETAUSDT
2024-06-30 16:01:01 [INFO] - Generating time series for BTSUSDT
2024-06-30 16:01:02 [INFO] - Generating time series for ONGUSDT
2024-06-30 16:01:02 [INFO] - Generating time series for ZENUSDT
2024-06-30 16:01:02 [INFO] - Generating time series for ORBSUSDT
2024-06-30 16:01:02 [INFO] - Generating time series for RDNTUSDT
2024-06-30 16:01:03 [INFO] - Generating time series for NEOUSDT
2024-06-30 16:01:03 [INFO] - Generating time series for SCUSDT
2024-06-30 16:01:03 [INFO] - Generating time series for HBARUSDT
2024-06-30 16:01:03 [INFO] - Generating time series for SXPUSDT
2024-06-30 16:01:04 [INFO] - Generating time series for XAIUSDT
2024-06-30 16:01:04 [INFO] - Generating time series for RSRUSDT
2024-06-30 16:01:04 [INFO] - Generating time series for TRUUSDT
2024-06-30 16:01:05 [INFO] - Generating time series for ONTUSDT
2024-06-30 16:01:05 [INFO] - Generating time series for DGBUSDT
2024-06-30 16:01:05 [INFO] - Generating time series for GALUSDT
2024-06-30 16:01:05 [INFO] - Generating time series for TWTUSDT
2024-06-30 16:01:06 [INFO] - Generating time series for YFIUSDT
2024-06-30 16:01:06 [INFO] - Generating time series for SNTUSDT
2024-06-30 16:01:06 [INFO] - Generating time series for BNBUSDT
2024-06-30 16:01:07 [INFO] - Generating time series for 1INCHUSDT
2024-06-30 16:01:07 [INFO] - Generating time series for DUSKUSDT
2024-06-30 16:01:07 [INFO] - Generating time series for SLPUSDT
2024-06-30 16:01:07 [INFO] - Generating time series for LINAUSDT
2024-06-30 16:01:08 [INFO] - Generating time series for CHZUSDT
2024-06-30 16:01:08 [INFO] - Generating time series for 1000PEPEUSDT
2024-06-30 16:01:08 [INFO] - Generating time series for MANAUSDT
2024-06-30 16:01:09 [INFO] - Generating time series for IDUSDT
2024-06-30 16:01:09 [INFO] - Generating time series for ALTUSDT
2024-06-30 16:01:09 [INFO] - Generating time series for RIFUSDT
2024-06-30 16:01:09 [INFO] - Generating time series for BCHUSDT
2024-06-30 16:01:10 [INFO] - Generating time series for NMRUSDT
2024-06-30 16:01:10 [INFO] - Generating time series for ZRXUSDT
2024-06-30 16:01:10 [INFO] - Generating time series for AXLUSDT
2024-06-30 16:01:11 [INFO] - Generating time series for EDUUSDT
2024-06-30 16:01:11 [INFO] - Generating time series for ARUSDT
2024-06-30 16:01:11 [INFO] - Generating time series for STEEMUSDT
2024-06-30 16:01:11 [INFO] - Generating time series for SANDUSDT
2024-06-30 16:01:12 [INFO] - Generating time series for CVCUSDT
2024-06-30 16:01:12 [INFO] - Generating time series for GASUSDT
2024-06-30 16:01:12 [INFO] - Generating time series for PENDLEUSDT
2024-06-30 16:01:12 [INFO] - Generating time series for ANKRUSDT
2024-06-30 16:01:13 [INFO] - Generating time series for DEFIUSDT
2024-06-30 16:01:13 [INFO] - Generating time series for IDEXUSDT
2024-06-30 16:01:13 [INFO] - Generating time series for STGUSDT
2024-06-30 16:01:14 [INFO] - Generating time series for TRXUSDT
2024-06-30 16:01:14 [INFO] - Generating time series for LUNA2USDT
2024-06-30 16:01:14 [INFO] - Generating time series for BBUSDT
2024-06-30 16:01:14 [INFO] - Generating time series for ETCUSDT
2024-06-30 16:01:15 [INFO] - Generating time series for AEVOUSDT
2024-06-30 16:01:15 [INFO] - Generating time series for GMXUSDT
2024-06-30 16:01:15 [INFO] - Generating time series for RNDRUSDT
2024-06-30 16:01:16 [INFO] - Generating time series for AMBUSDT
2024-06-30 16:01:16 [INFO] - Generating time series for CTKUSDT
2024-06-30 16:01:16 [INFO] - Generating time series for MAVUSDT
2024-06-30 16:01:16 [INFO] - Generating time series for BNXUSDT
2024-06-30 16:01:17 [INFO] - Generating time series for LOOMUSDT
2024-06-30 16:01:17 [INFO] - Generating time series for WIFUSDT
2024-06-30 16:01:17 [INFO] - Generating time series for CFXUSDT
2024-06-30 16:01:18 [INFO] - Generating time series for JOEUSDT
2024-06-30 16:01:18 [INFO] - Generating time series for LTCUSDT
2024-06-30 16:01:18 [INFO] - Generating time series for IMXUSDT
2024-06-30 16:01:18 [INFO] - Generating time series for AIUSDT
2024-06-30 16:01:19 [INFO] - Generating time series for MKRUSDT
2024-06-30 16:01:19 [INFO] - Generating time series for REEFUSDT
2024-06-30 16:01:19 [INFO] - Generating time series for HIGHUSDT
2024-06-30 16:01:19 [INFO] - Generating time series for BATUSDT
2024-06-30 16:01:20 [INFO] - Generating time series for IOTXUSDT
2024-06-30 16:01:20 [INFO] - Generating time series for FETUSDT
2024-06-30 16:01:20 [INFO] - Generating time series for NKNUSDT
2024-06-30 16:01:21 [INFO] - Generating time series for GTCUSDT
2024-06-30 16:01:21 [INFO] - Generating time series for FLOWUSDT
2024-06-30 16:01:21 [INFO] - Generating time series for PHBUSDT
2024-06-30 16:01:21 [INFO] - Generating time series for MTLUSDT
2024-06-30 16:01:22 [INFO] - Generating time series for QTUMUSDT
2024-06-30 16:01:22 [INFO] - Generating time series for IOTAUSDT
2024-06-30 16:01:22 [INFO] - Generating time series for TAOUSDT
2024-06-30 16:01:23 [INFO] - Generating time series for XLMUSDT
2024-06-30 16:01:23 [INFO] - Generating time series for CELOUSDT
2024-06-30 16:01:23 [INFO] - Generating time series for STRKUSDT
2024-06-30 16:01:23 [INFO] - Generating time series for HFTUSDT
2024-06-30 16:01:24 [INFO] - Generating time series for THETAUSDT
2024-06-30 16:01:24 [INFO] - Generating time series for XRPUSDT
2024-06-30 16:01:24 [INFO] - Generating time series for VETUSDT
2024-06-30 16:01:24 [INFO] - Generating time series for RVNUSDT
2024-06-30 16:01:25 [INFO] - Generating time series for BTCUSDT_240927
2024-06-30 16:01:25 [INFO] - Generating time series for ETHUSDT
2024-06-30 16:01:25 [INFO] - Generating time series for WLDUSDT
2024-06-30 16:01:26 [INFO] - Generating time series for AUDIOUSDT
2024-06-30 16:01:26 [INFO] - Generating time series for ADAUSDT
2024-06-30 16:01:26 [INFO] - Generating time series for EOSUSDT
2024-06-30 16:01:26 [INFO] - Generating time series for PORTALUSDT
2024-06-30 16:01:27 [INFO] - Generating time series for METISUSDT
2024-06-30 16:01:27 [INFO] - Generating time series for OMUSDT
2024-06-30 16:01:27 [INFO] - Generating time series for MAVIAUSDT
2024-06-30 16:01:28 [INFO] - Generating time series for TUSDT
2024-06-30 16:01:28 [INFO] - Generating time series for BONDUSDT
2024-06-30 16:01:28 [INFO] - Generating time series for LPTUSDT
2024-06-30 16:01:28 [INFO] - Generating time series for INJUSDT
2024-06-30 16:01:29 [INFO] - Generating time series for WAXPUSDT
2024-06-30 16:01:29 [INFO] - Generating time series for SKLUSDT
2024-06-30 16:01:29 [INFO] - Generating time series for TOMOUSDT
2024-06-30 16:01:30 [INFO] - Generating time series for FXSUSDT
2024-06-30 16:01:30 [INFO] - Generating time series for OMGUSDT
2024-06-30 16:01:30 [INFO] - Generating time series for MATICUSDT
2024-06-30 16:01:30 [INFO] - Generating time series for ETHFIUSDT
2024-06-30 16:01:31 [INFO] - Generating time series for HNTUSDT
2024-06-30 16:01:31 [INFO] - Generating time series for ONEUSDT
2024-06-30 16:01:31 [INFO] - Generating time series for ZILUSDT
2024-06-30 16:01:31 [INFO] - Generating time series for HOTUSDT
2024-06-30 16:01:32 [INFO] - Generating time series for ASTRUSDT
2024-06-30 16:01:32 [INFO] - Generating time series for TONUSDT
2024-06-30 16:01:32 [INFO] - Generating time series for BNTUSDT
2024-06-30 16:01:33 [INFO] - Generating time series for FLMUSDT
2024-06-30 16:01:33 [INFO] - Generating time series for 1000XECUSDT
2024-06-30 16:01:33 [INFO] - Generating time series for LINKUSDT
2024-06-30 16:01:33 [INFO] - Generating time series for KSMUSDT
2024-06-30 16:01:34 [INFO] - Generating time series for AGIXUSDT
2024-06-30 16:01:34 [INFO] - Generating time series for ETHUSDT_240927
2024-06-30 16:01:34 [INFO] - Generating time series for LQTYUSDT
2024-06-30 16:01:35 [INFO] - Generating time series for MYROUSDT
2024-06-30 16:01:35 [INFO] - Generating time series for AUCTIONUSDT
2024-06-30 16:01:35 [INFO] - Generating time series for RADUSDT
2024-06-30 16:01:35 [INFO] - Generating time series for GLMRUSDT
2024-06-30 16:01:36 [INFO] - Generating time series for BTCUSDT_240628
2024-06-30 16:01:36 [INFO] - Generating time series for C98USDT
2024-06-30 16:01:36 [INFO] - Generating time series for WUSDT
2024-06-30 16:01:37 [INFO] - Generating time series for ALICEUSDT
2024-06-30 16:01:37 [INFO] - Generating time series for BAKEUSDT
2024-06-30 16:01:37 [INFO] - Generating time series for NFPUSDT
2024-06-30 16:01:37 [INFO] - Generating time series for FTTUSDT
2024-06-30 16:01:38 [INFO] - Generating time series for DOGEUSDT
2024-06-30 16:01:38 [INFO] - Generating time series for WOOUSDT
2024-06-30 16:01:38 [INFO] - Generating time series for AAVEUSDT
2024-06-30 16:01:38 [INFO] - Generating time series for AXSUSDT
2024-06-30 16:01:39 [INFO] - Generating time series for UNFIUSDT
2024-06-30 16:01:39 [INFO] - Generating time series for DOTUSDT
2024-06-30 16:01:39 [INFO] - Generating time series for WAVESUSDT
2024-06-30 16:01:40 [INFO] - Generating time series for XVGUSDT
2024-06-30 16:01:40 [INFO] - Generating time series for CKBUSDT
2024-06-30 16:01:40 [INFO] - Generating time series for SFPUSDT
2024-06-30 16:01:40 [INFO] - Generating time series for ARKUSDT
2024-06-30 16:01:41 [INFO] - --------------------------------------------------------------------------------------------------------------------
2024-06-30 16:01:41 [INFO] - [36m CopyBot 1.016 ( test Edition beta. Good and Best!)    [0m
2024-06-30 16:01:41 [INFO] -  Open trades LONG: 0 SHORT:0
2024-06-30 16:01:41 [INFO] -  LONG:  []
2024-06-30 16:01:41 [INFO] -  SHORT: []
2024-06-30 16:01:41 [INFO] - --------------------------------------------------------------------------------------------------------------------
2024-06-30 16:01:41 [INFO] - [32m Start time       : Sun Jun 30 16:00:07 CEST 2024 [0m 
2024-06-30 16:01:41 [INFO] - [32m Execute time     : 0:01:34 [0m 
2024-06-30 16:01:42 [INFO] - [32m Start Balance    : 18.46029905               Current  Balance : 18.46029905 [0m 
2024-06-30 16:01:42 [INFO] - [32m Max. Position:   : 2                         USDT Size : 20.0 [0m 
2024-06-30 16:01:42 [INFO] - --------------------------------------------------------------------------------------------------------------------
2024-06-30 16:02:48 [INFO] - Trying to buy MKRUSDT, quantity: 0.008 using limit order
2024-06-30 16:03:10 [INFO] - All symbols analyzed, time elapsed: 87.555 seconds.
2024-06-30 16:03:10 [INFO] - [SHORT] Waiting to buy MKRUSDT    0 s. 
2024-06-30 16:04:16 [INFO] - Initializing Binance bot
2024-06-30 16:04:16 [INFO] - === Detected config file path (VM argument, optional): null ===
2024-06-30 16:04:16 [INFO] - Setting add1 candlestick interval to: 15m
2024-06-30 16:04:16 [INFO] - Setting candlestick interval to: 1h
2024-06-30 16:04:16 [INFO] - Setting add2 candlestick interval to: 12h
2024-06-30 16:04:19 [INFO] - Generating time series for BADGERUSDT
2024-06-30 16:04:20 [INFO] - Generating time series for MDTUSDT
2024-06-30 16:04:21 [INFO] - Generating time series for SNXUSDT
2024-06-30 16:04:22 [INFO] - Generating time series for YGGUSDT
2024-06-30 16:04:24 [INFO] - Generating time series for ENAUSDT
2024-06-30 16:04:25 [INFO] - Generating time series for STRAXUSDT
2024-06-30 16:04:26 [INFO] - Generating time series for BELUSDT
2024-06-30 16:04:26 [INFO] - Generating time series for DYDXUSDT
2024-06-30 16:04:28 [INFO] - Generating time series for JTOUSDT
2024-06-30 16:04:29 [INFO] - Generating time series for STMXUSDT
2024-06-30 16:04:30 [INFO] - Generating time series for LISTAUSDT
2024-06-30 16:04:31 [INFO] - Generating time series for COMBOUSDT
2024-06-30 16:04:31 [INFO] - Generating time series for BEAMXUSDT
2024-06-30 16:04:32 [INFO] - Generating time series for OXTUSDT
2024-06-30 16:04:33 [INFO] - Generating time series for SOLUSDT
2024-06-30 16:04:34 [INFO] - Generating time series for HIFIUSDT
2024-06-30 16:04:35 [INFO] - Generating time series for SUPERUSDT
2024-06-30 16:04:35 [INFO] - Generating time series for 1000LUNCUSDT
2024-06-30 16:04:36 [INFO] - Generating time series for RONINUSDT
2024-06-30 16:04:36 [INFO] - Generating time series for ENSUSDT
2024-06-30 16:04:36 [INFO] - Generating time series for AGLDUSDT
2024-06-30 16:04:36 [INFO] - Generating time series for 1000SATSUSDT
2024-06-30 16:04:37 [INFO] - Generating time series for DARUSDT
2024-06-30 16:04:37 [INFO] - Generating time series for FRONTUSDT
2024-06-30 16:04:37 [INFO] - Generating time series for NTRNUSDT
2024-06-30 16:04:37 [INFO] - Generating time series for MOVRUSDT
2024-06-30 16:04:38 [INFO] - Generating time series for ICPUSDT
2024-06-30 16:04:38 [INFO] - Generating time series for LITUSDT
2024-06-30 16:04:38 [INFO] - Generating time series for POLYXUSDT
2024-06-30 16:04:39 [INFO] - Generating time series for BLZUSDT
2024-06-30 16:04:39 [INFO] - Generating time series for BTCUSDT_241227
2024-06-30 16:04:39 [INFO] - Generating time series for DENTUSDT
2024-06-30 16:04:39 [INFO] - Generating time series for MINAUSDT
2024-06-30 16:04:40 [INFO] - Generating time series for ZECUSDT
2024-06-30 16:04:40 [INFO] - Generating time series for BSVUSDT
2024-06-30 16:04:40 [INFO] - Generating time series for STXUSDT
2024-06-30 16:04:41 [INFO] - Generating time series for 1000RATSUSDT
2024-06-30 16:04:41 [INFO] - Generating time series for CHRUSDT
2024-06-30 16:04:41 [INFO] - Generating time series for CRVUSDT
2024-06-30 16:04:41 [INFO] - Generating time series for CELRUSDT
2024-06-30 16:04:42 [INFO] - Generating time series for BANDUSDT
2024-06-30 16:04:42 [INFO] - Generating time series for OMNIUSDT
2024-06-30 16:04:42 [INFO] - Generating time series for MANTAUSDT
2024-06-30 16:04:42 [INFO] - Generating time series for SPELLUSDT
2024-06-30 16:04:43 [INFO] - Generating time series for DASHUSDT
2024-06-30 16:04:43 [INFO] - Generating time series for DYMUSDT
2024-06-30 16:04:43 [INFO] - Generating time series for ALPHAUSDT
2024-06-30 16:04:44 [INFO] - Generating time series for GRTUSDT
2024-06-30 16:04:44 [INFO] - Generating time series for LEVERUSDT
2024-06-30 16:04:44 [INFO] - Generating time series for CYBERUSDT
2024-06-30 16:04:44 [INFO] - Generating time series for XVSUSDT
2024-06-30 16:04:45 [INFO] - Generating time series for ENJUSDT
2024-06-30 16:04:45 [INFO] - Generating time series for COCOSUSDT
2024-06-30 16:04:45 [INFO] - Generating time series for BALUSDT
2024-06-30 16:04:46 [INFO] - Generating time series for ARBUSDT
2024-06-30 16:04:46 [INFO] - Generating time series for PIXELUSDT
2024-06-30 16:04:46 [INFO] - Generating time series for VANRYUSDT
2024-06-30 16:04:47 [INFO] - Generating time series for STORJUSDT
2024-06-30 16:04:47 [INFO] - Generating time series for TOKENUSDT
2024-06-30 16:04:47 [INFO] - Generating time series for ETHUSDT_241227
2024-06-30 16:04:47 [INFO] - Generating time series for ZROUSDT
2024-06-30 16:04:48 [INFO] - Generating time series for TURBOUSDT
2024-06-30 16:04:48 [INFO] - Generating time series for STPTUSDT
2024-06-30 16:04:48 [INFO] - Generating time series for ARPAUSDT
2024-06-30 16:04:49 [INFO] - Generating time series for CTSIUSDT
2024-06-30 16:04:49 [INFO] - Generating time series for JASMYUSDT
2024-06-30 16:04:49 [INFO] - Generating time series for FTMUSDT
2024-06-30 16:04:49 [INFO] - Generating time series for QNTUSDT
2024-06-30 16:04:50 [INFO] - Generating time series for 1000SHIBUSDT
2024-06-30 16:04:50 [INFO] - Generating time series for BTCSTUSDT
2024-06-30 16:04:50 [INFO] - Generating time series for NEARUSDT
2024-06-30 16:04:51 [INFO] - Generating time series for ANTUSDT
2024-06-30 16:04:51 [INFO] - Generating time series for KASUSDT
2024-06-30 16:04:51 [INFO] - Generating time series for DODOXUSDT
2024-06-30 16:04:51 [INFO] - Generating time series for BTCUSDT
2024-06-30 16:04:52 [INFO] - Generating time series for ZKUSDT
2024-06-30 16:04:52 [INFO] - Generating time series for NOTUSDT
2024-06-30 16:04:52 [INFO] - Generating time series for ICXUSDT
2024-06-30 16:04:53 [INFO] - Generating time series for XMRUSDT
2024-06-30 16:04:53 [INFO] - Generating time series for EGLDUSDT
2024-06-30 16:04:53 [INFO] - Generating time series for ACHUSDT
2024-06-30 16:04:53 [INFO] - Generating time series for UMAUSDT
2024-06-30 16:04:54 [INFO] - Generating time series for LRCUSDT
2024-06-30 16:04:54 [INFO] - Generating time series for FILUSDT
2024-06-30 16:04:54 [INFO] - Generating time series for TIAUSDT
2024-06-30 16:04:55 [INFO] - Generating time series for KLAYUSDT
2024-06-30 16:04:55 [INFO] - Generating time series for APEUSDT
2024-06-30 16:04:55 [INFO] - Generating time series for BTCDOMUSDT
2024-06-30 16:04:55 [INFO] - Generating time series for ATAUSDT
2024-06-30 16:04:56 [INFO] - Generating time series for SAGAUSDT
2024-06-30 16:04:56 [INFO] - Generating time series for JUPUSDT
2024-06-30 16:04:56 [INFO] - Generating time series for IOSTUSDT
2024-06-30 16:04:56 [INFO] - Generating time series for XTZUSDT
2024-06-30 16:04:57 [INFO] - Generating time series for API3USDT
2024-06-30 16:04:57 [INFO] - Generating time series for ALGOUSDT
2024-06-30 16:04:57 [INFO] - Generating time series for BICOUSDT
2024-06-30 16:04:58 [INFO] - Generating time series for 1000FLOKIUSDT
2024-06-30 16:04:58 [INFO] - Generating time series for TRBUSDT
2024-06-30 16:04:58 [INFO] - Generating time series for GALAUSDT
2024-06-30 16:04:58 [INFO] - Generating time series for MEWUSDT
2024-06-30 16:04:59 [INFO] - Generating time series for ETHUSDT_240628
2024-06-30 16:04:59 [INFO] - Generating time series for SRMUSDT
2024-06-30 16:04:59 [INFO] - Generating time series for MBLUSDT
2024-06-30 16:05:00 [INFO] - Generating time series for MEMEUSDT
2024-06-30 16:05:00 [INFO] - Generating time series for HOOKUSDT
2024-06-30 16:05:00 [INFO] - Generating time series for RLCUSDT
2024-06-30 16:05:00 [INFO] - Generating time series for IOUSDT
2024-06-30 16:05:01 [INFO] - Generating time series for RENUSDT
2024-06-30 16:05:01 [INFO] - Generating time series for ONDOUSDT
2024-06-30 16:05:01 [INFO] - Generating time series for BIGTIMEUSDT
2024-06-30 16:05:02 [INFO] - Generating time series for ILVUSDT
2024-06-30 16:05:02 [INFO] - Generating time series for FOOTBALLUSDT
2024-06-30 16:05:02 [INFO] - Generating time series for XEMUSDT
2024-06-30 16:05:02 [INFO] - Generating time series for REZUSDT
2024-06-30 16:05:03 [INFO] - Generating time series for 1000BONKUSDT
2024-06-30 16:05:03 [INFO] - Generating time series for TLMUSDT
2024-06-30 16:05:03 [INFO] - Generating time series for SUIUSDT
2024-06-30 16:05:04 [INFO] - Generating time series for MASKUSDT
2024-06-30 16:05:04 [INFO] - Generating time series for BLURUSDT
2024-06-30 16:05:04 [INFO] - Generating time series for RUNEUSDT
2024-06-30 16:05:04 [INFO] - Generating time series for OCEANUSDT
2024-06-30 16:05:05 [INFO] - Generating time series for LSKUSDT
2024-06-30 16:05:05 [INFO] - Generating time series for CAKEUSDT
2024-06-30 16:05:05 [INFO] - Generating time series for UNIUSDT
2024-06-30 16:05:06 [INFO] - Generating time series for PYTHUSDT
2024-06-30 16:05:06 [INFO] - Generating time series for USTCUSDT
2024-06-30 16:05:06 [INFO] - Generating time series for GMTUSDT
2024-06-30 16:05:06 [INFO] - Generating time series for SUSHIUSDT
2024-06-30 16:05:07 [INFO] - Generating time series for COTIUSDT
2024-06-30 16:05:07 [INFO] - Generating time series for ARKMUSDT
2024-06-30 16:05:07 [INFO] - Generating time series for COMPUSDT
2024-06-30 16:05:07 [INFO] - Generating time series for KAVAUSDT
2024-06-30 16:05:08 [INFO] - Generating time series for OGNUSDT
2024-06-30 16:05:08 [INFO] - Generating time series for KEYUSDT
2024-06-30 16:05:08 [INFO] - Generating time series for PERPUSDT
2024-06-30 16:05:09 [INFO] - Generating time series for APTUSDT
2024-06-30 16:05:09 [INFO] - Generating time series for OPUSDT
2024-06-30 16:05:09 [INFO] - Generating time series for RAYUSDT
2024-06-30 16:05:09 [INFO] - Generating time series for LDOUSDT
2024-06-30 16:05:10 [INFO] - Generating time series for PEOPLEUSDT
2024-06-30 16:05:10 [INFO] - Generating time series for SSVUSDT
2024-06-30 16:05:10 [INFO] - Generating time series for ACEUSDT
2024-06-30 16:05:11 [INFO] - Generating time series for SEIUSDT
2024-06-30 16:05:11 [INFO] - Generating time series for ORDIUSDT
2024-06-30 16:05:11 [INFO] - Generating time series for ROSEUSDT
2024-06-30 16:05:11 [INFO] - Generating time series for MAGICUSDT
2024-06-30 16:05:12 [INFO] - Generating time series for GLMUSDT
2024-06-30 16:05:12 [INFO] - Generating time series for ETHWUSDT
2024-06-30 16:05:12 [INFO] - Generating time series for POWRUSDT
2024-06-30 16:05:13 [INFO] - Generating time series for ATOMUSDT
2024-06-30 16:05:13 [INFO] - Generating time series for BLUEBIRDUSDT
2024-06-30 16:05:13 [INFO] - Generating time series for BOMEUSDT
2024-06-30 16:05:13 [INFO] - Generating time series for AVAXUSDT
2024-06-30 16:05:14 [INFO] - Generating time series for CVXUSDT
2024-06-30 16:05:14 [INFO] - Generating time series for TNSRUSDT
2024-06-30 16:05:14 [INFO] - Generating time series for KNCUSDT
2024-06-30 16:05:15 [INFO] - Generating time series for ZETAUSDT
2024-06-30 16:05:15 [INFO] - Generating time series for BTSUSDT
2024-06-30 16:05:15 [INFO] - Generating time series for ONGUSDT
2024-06-30 16:05:15 [INFO] - Generating time series for ZENUSDT
2024-06-30 16:05:16 [INFO] - Generating time series for ORBSUSDT
2024-06-30 16:05:16 [INFO] - Generating time series for RDNTUSDT
2024-06-30 16:05:16 [INFO] - Generating time series for NEOUSDT
2024-06-30 16:05:17 [INFO] - Generating time series for SCUSDT
2024-06-30 16:05:17 [INFO] - Generating time series for HBARUSDT
2024-06-30 16:05:17 [INFO] - Generating time series for SXPUSDT
2024-06-30 16:05:17 [INFO] - Generating time series for XAIUSDT
2024-06-30 16:05:18 [INFO] - Generating time series for RSRUSDT
2024-06-30 16:05:18 [INFO] - Generating time series for TRUUSDT
2024-06-30 16:05:18 [INFO] - Generating time series for ONTUSDT
2024-06-30 16:05:18 [INFO] - Generating time series for DGBUSDT
2024-06-30 16:05:19 [INFO] - Generating time series for GALUSDT
2024-06-30 16:05:19 [INFO] - Generating time series for TWTUSDT
2024-06-30 16:05:19 [INFO] - Generating time series for YFIUSDT
2024-06-30 16:05:20 [INFO] - Generating time series for SNTUSDT
2024-06-30 16:05:20 [INFO] - Generating time series for BNBUSDT
2024-06-30 16:05:20 [INFO] - Generating time series for 1INCHUSDT
2024-06-30 16:05:20 [INFO] - Generating time series for DUSKUSDT
2024-06-30 16:05:21 [INFO] - Generating time series for SLPUSDT
2024-06-30 16:05:21 [INFO] - Generating time series for LINAUSDT
2024-06-30 16:05:21 [INFO] - Generating time series for CHZUSDT
2024-06-30 16:05:22 [INFO] - Generating time series for 1000PEPEUSDT
2024-06-30 16:05:22 [INFO] - Generating time series for MANAUSDT
2024-06-30 16:05:22 [INFO] - Generating time series for IDUSDT
2024-06-30 16:05:22 [INFO] - Generating time series for ALTUSDT
2024-06-30 16:05:23 [INFO] - Generating time series for RIFUSDT
2024-06-30 16:05:23 [INFO] - Generating time series for BCHUSDT
2024-06-30 16:05:23 [INFO] - Generating time series for NMRUSDT
2024-06-30 16:05:24 [INFO] - Generating time series for ZRXUSDT
2024-06-30 16:05:24 [INFO] - Generating time series for AXLUSDT
2024-06-30 16:05:24 [INFO] - Generating time series for EDUUSDT
2024-06-30 16:05:24 [INFO] - Generating time series for ARUSDT
2024-06-30 16:05:25 [INFO] - Generating time series for STEEMUSDT
2024-06-30 16:05:25 [INFO] - Generating time series for SANDUSDT
2024-06-30 16:05:25 [INFO] - Generating time series for CVCUSDT
2024-06-30 16:05:26 [INFO] - Generating time series for GASUSDT
2024-06-30 16:05:26 [INFO] - Generating time series for PENDLEUSDT
2024-06-30 16:05:26 [INFO] - Generating time series for ANKRUSDT
2024-06-30 16:05:26 [INFO] - Generating time series for DEFIUSDT
2024-06-30 16:05:27 [INFO] - Generating time series for IDEXUSDT
2024-06-30 16:05:27 [INFO] - Generating time series for STGUSDT
2024-06-30 16:05:27 [INFO] - Generating time series for TRXUSDT
2024-06-30 16:05:28 [INFO] - Generating time series for LUNA2USDT
2024-06-30 16:05:28 [INFO] - Generating time series for BBUSDT
2024-06-30 16:05:28 [INFO] - Generating time series for ETCUSDT
2024-06-30 16:05:28 [INFO] - Generating time series for AEVOUSDT
2024-06-30 16:05:29 [INFO] - Generating time series for GMXUSDT
2024-06-30 16:05:29 [INFO] - Generating time series for RNDRUSDT
2024-06-30 16:05:29 [INFO] - Generating time series for AMBUSDT
2024-06-30 16:05:29 [INFO] - Generating time series for CTKUSDT
2024-06-30 16:05:30 [INFO] - Generating time series for MAVUSDT
2024-06-30 16:05:30 [INFO] - Generating time series for BNXUSDT
2024-06-30 16:05:30 [INFO] - Generating time series for LOOMUSDT
2024-06-30 16:05:31 [INFO] - Generating time series for WIFUSDT
2024-06-30 16:05:31 [INFO] - Generating time series for CFXUSDT
2024-06-30 16:05:31 [INFO] - Generating time series for JOEUSDT
2024-06-30 16:05:31 [INFO] - Generating time series for LTCUSDT
2024-06-30 16:05:32 [INFO] - Generating time series for IMXUSDT
2024-06-30 16:05:32 [INFO] - Generating time series for AIUSDT
2024-06-30 16:05:32 [INFO] - Generating time series for MKRUSDT
2024-06-30 16:05:33 [INFO] - Generating time series for REEFUSDT
2024-06-30 16:05:33 [INFO] - Generating time series for HIGHUSDT
2024-06-30 16:05:33 [INFO] - Generating time series for BATUSDT
2024-06-30 16:05:33 [INFO] - Generating time series for IOTXUSDT
2024-06-30 16:05:34 [INFO] - Generating time series for FETUSDT
2024-06-30 16:05:34 [INFO] - Generating time series for NKNUSDT
2024-06-30 16:05:34 [INFO] - Generating time series for GTCUSDT
2024-06-30 16:05:35 [INFO] - Generating time series for FLOWUSDT
2024-06-30 16:05:35 [INFO] - Generating time series for PHBUSDT
2024-06-30 16:05:35 [INFO] - Generating time series for MTLUSDT
2024-06-30 16:05:35 [INFO] - Generating time series for QTUMUSDT
2024-06-30 16:05:36 [INFO] - Generating time series for IOTAUSDT
2024-06-30 16:05:36 [INFO] - Generating time series for TAOUSDT
2024-06-30 16:05:36 [INFO] - Generating time series for XLMUSDT
2024-06-30 16:05:36 [INFO] - Generating time series for CELOUSDT
2024-06-30 16:05:37 [INFO] - Generating time series for STRKUSDT
2024-06-30 16:05:37 [INFO] - Generating time series for HFTUSDT
2024-06-30 16:05:37 [INFO] - Generating time series for THETAUSDT
2024-06-30 16:05:38 [INFO] - Generating time series for XRPUSDT
2024-06-30 16:05:38 [INFO] - Generating time series for VETUSDT
2024-06-30 16:05:38 [INFO] - Generating time series for RVNUSDT
2024-06-30 16:05:38 [INFO] - Generating time series for BTCUSDT_240927
2024-06-30 16:05:39 [INFO] - Generating time series for ETHUSDT
2024-06-30 16:05:39 [INFO] - Generating time series for WLDUSDT
2024-06-30 16:05:39 [INFO] - Generating time series for AUDIOUSDT
2024-06-30 16:05:40 [INFO] - Generating time series for ADAUSDT
2024-06-30 16:05:40 [INFO] - Generating time series for EOSUSDT
2024-06-30 16:05:40 [INFO] - Generating time series for PORTALUSDT
2024-06-30 16:05:40 [INFO] - Generating time series for METISUSDT
2024-06-30 16:05:41 [INFO] - Generating time series for OMUSDT
2024-06-30 16:05:41 [INFO] - Generating time series for MAVIAUSDT
2024-06-30 16:05:41 [INFO] - Generating time series for TUSDT
2024-06-30 16:05:41 [INFO] - Generating time series for BONDUSDT
2024-06-30 16:05:42 [INFO] - Generating time series for LPTUSDT
2024-06-30 16:05:42 [INFO] - Generating time series for INJUSDT
2024-06-30 16:05:42 [INFO] - Generating time series for WAXPUSDT
2024-06-30 16:05:43 [INFO] - Generating time series for SKLUSDT
2024-06-30 16:05:43 [INFO] - Generating time series for TOMOUSDT
2024-06-30 16:05:43 [INFO] - Generating time series for FXSUSDT
2024-06-30 16:05:43 [INFO] - Generating time series for OMGUSDT
2024-06-30 16:05:44 [INFO] - Generating time series for MATICUSDT
2024-06-30 16:05:44 [INFO] - Generating time series for ETHFIUSDT
2024-06-30 16:05:44 [INFO] - Generating time series for HNTUSDT
2024-06-30 16:05:45 [INFO] - Generating time series for ONEUSDT
2024-06-30 16:05:45 [INFO] - Generating time series for ZILUSDT
2024-06-30 16:05:45 [INFO] - Generating time series for HOTUSDT
2024-06-30 16:05:45 [INFO] - Generating time series for ASTRUSDT
2024-06-30 16:05:46 [INFO] - Generating time series for TONUSDT
2024-06-30 16:05:46 [INFO] - Generating time series for BNTUSDT
2024-06-30 16:05:46 [INFO] - Generating time series for FLMUSDT
2024-06-30 16:05:47 [INFO] - Generating time series for 1000XECUSDT
2024-06-30 16:05:47 [INFO] - Generating time series for LINKUSDT
2024-06-30 16:05:47 [INFO] - Generating time series for KSMUSDT
2024-06-30 16:05:47 [INFO] - Generating time series for AGIXUSDT
2024-06-30 16:05:48 [INFO] - Generating time series for ETHUSDT_240927
2024-06-30 16:05:48 [INFO] - Generating time series for LQTYUSDT
2024-06-30 16:05:48 [INFO] - Generating time series for MYROUSDT
2024-06-30 16:05:49 [INFO] - Generating time series for AUCTIONUSDT
2024-06-30 16:05:49 [INFO] - Generating time series for RADUSDT
2024-06-30 16:05:49 [INFO] - Generating time series for GLMRUSDT
2024-06-30 16:05:49 [INFO] - Generating time series for BTCUSDT_240628
2024-06-30 16:05:50 [INFO] - Generating time series for C98USDT
2024-06-30 16:05:50 [INFO] - Generating time series for WUSDT
2024-06-30 16:05:50 [INFO] - Generating time series for ALICEUSDT
2024-06-30 16:05:51 [INFO] - Generating time series for BAKEUSDT
2024-06-30 16:05:51 [INFO] - Generating time series for NFPUSDT
2024-06-30 16:05:51 [INFO] - Generating time series for FTTUSDT
2024-06-30 16:05:52 [INFO] - Generating time series for DOGEUSDT
2024-06-30 16:05:52 [INFO] - Generating time series for WOOUSDT
2024-06-30 16:05:52 [INFO] - Generating time series for AAVEUSDT
2024-06-30 16:05:52 [INFO] - Generating time series for AXSUSDT
2024-06-30 16:05:53 [INFO] - Generating time series for UNFIUSDT
2024-06-30 16:05:53 [INFO] - Generating time series for DOTUSDT
2024-06-30 16:05:53 [INFO] - Generating time series for WAVESUSDT
2024-06-30 16:05:54 [INFO] - Generating time series for XVGUSDT
2024-06-30 16:05:54 [INFO] - Generating time series for CKBUSDT
2024-06-30 16:05:54 [INFO] - Generating time series for SFPUSDT
2024-06-30 16:05:54 [INFO] - Generating time series for ARKUSDT
2024-06-30 16:05:55 [INFO] - --------------------------------------------------------------------------------------------------------------------
2024-06-30 16:05:55 [INFO] - [36m CopyBot 1.016 ( test Edition beta. Good and Best!)    [0m
2024-06-30 16:05:55 [INFO] -  Open trades LONG: 0 SHORT:0
2024-06-30 16:05:55 [INFO] -  LONG:  []
2024-06-30 16:05:55 [INFO] -  SHORT: []
2024-06-30 16:05:55 [INFO] - --------------------------------------------------------------------------------------------------------------------
2024-06-30 16:05:55 [INFO] - [32m Start time       : Sun Jun 30 16:04:15 CEST 2024 [0m 
2024-06-30 16:05:55 [INFO] - [32m Execute time     : 0:01:39 [0m 
2024-06-30 16:05:56 [INFO] - [32m Start Balance    : 18.46029905               Current  Balance : 18.46029905 [0m 
2024-06-30 16:05:56 [INFO] - [32m Max. Position:   : 2                         USDT Size : 20.0 [0m 
2024-06-30 16:05:56 [INFO] - --------------------------------------------------------------------------------------------------------------------
2024-06-30 16:06:01 [INFO] - Trying to buy LISTAUSDT, quantity: 29 using limit order
2024-06-30 16:06:21 [INFO] - [SHORT] Waiting to buy LISTAUSDT    0 s. 
2024-06-30 16:06:21 [INFO] - Buy [SHORT] ready : LISTAUSDT, quantity: 29,  0.671
2024-06-30 16:06:42 [INFO] - Trying to buy ATOMUSDT, quantity: 3 using limit order
2024-06-30 16:06:42 [INFO] - Time out to buy ATOMUSDT. Search next position 
2024-06-30 16:06:42 [INFO] - [Close]------- Trade ATOMUSDT is closed with profit: 0,00000000
2024-06-30 16:06:42 [INFO] - Buy [SHORT] ready : ATOMUSDT, quantity: 3,  
2024-06-30 16:07:26 [INFO] - All symbols analyzed, time elapsed: 89.376 seconds.
2024-06-30 16:08:27 [INFO] -  SHORT : LISTAUSDT. Curr : 0,67070821, buy : 0,67100000, stop : 0,70455000, Max. : 4,79 % , Min. : 0,00 % , profit: 0,87 %  [0m
2024-06-30 16:08:55 [INFO] - --------------------------------------------------------------------------------------------------------------------
2024-06-30 16:08:55 [INFO] - [36m CopyBot 1.016 ( test Edition beta. Good and Best!)    [0m
2024-06-30 16:08:55 [INFO] -  Open trades LONG: 0 SHORT:1
2024-06-30 16:08:55 [INFO] -  LONG:  []
2024-06-30 16:08:55 [INFO] -  SHORT: [LISTAUSDT]
2024-06-30 16:08:55 [INFO] - --------------------------------------------------------------------------------------------------------------------
2024-06-30 16:08:55 [INFO] - [32m Start time       : Sun Jun 30 16:04:15 CEST 2024 [0m 
2024-06-30 16:08:55 [INFO] - [32m Execute time     : 0:04:39 [0m 
2024-06-30 16:08:55 [INFO] - [32m Start Balance    : 18.46029905               Current  Balance : 18.45056955 [0m 
2024-06-30 16:08:55 [INFO] - [32m Max. Position:   : 2                         USDT Size : 20.0 [0m 
2024-06-30 16:08:55 [INFO] - --------------------------------------------------------------------------------------------------------------------
2024-06-30 16:10:23 [INFO] - All symbols analyzed, time elapsed: 88.509 seconds.
2024-06-30 16:11:34 [INFO] -  SHORT : LISTAUSDT. Curr : 0,67067496, buy : 0,67100000, stop : 0,70455000, Max. : 4,79 % , Min. : -4,63 % , profit: 0,97 %  [0m
2024-06-30 16:11:55 [INFO] - --------------------------------------------------------------------------------------------------------------------
2024-06-30 16:11:55 [INFO] - [36m CopyBot 1.016 ( test Edition beta. Good and Best!)    [0m
2024-06-30 16:11:55 [INFO] -  Open trades LONG: 0 SHORT:1
2024-06-30 16:11:55 [INFO] -  LONG:  []
2024-06-30 16:11:55 [INFO] -  SHORT: [LISTAUSDT]
2024-06-30 16:11:55 [INFO] - --------------------------------------------------------------------------------------------------------------------
2024-06-30 16:11:55 [INFO] - [32m Start time       : Sun Jun 30 16:04:15 CEST 2024 [0m 
2024-06-30 16:11:55 [INFO] - [32m Execute time     : 0:07:39 [0m 
2024-06-30 16:11:55 [INFO] - [32m Start Balance    : 18.46029905               Current  Balance : 18.45056955 [0m 
2024-06-30 16:11:55 [INFO] - [32m Max. Position:   : 2                         USDT Size : 20.0 [0m 
2024-06-30 16:11:55 [INFO] - --------------------------------------------------------------------------------------------------------------------
2024-06-30 16:12:51 [INFO] - Initializing Binance bot
2024-06-30 16:12:51 [INFO] - === Detected config file path (VM argument, optional): null ===
2024-06-30 16:12:51 [INFO] - Setting add1 candlestick interval to: 15m
2024-06-30 16:12:51 [INFO] - Setting candlestick interval to: 1h
2024-06-30 16:12:51 [INFO] - Setting add2 candlestick interval to: 12h
2024-06-30 16:12:54 [INFO] - Generating time series for LSKUSDT
2024-06-30 16:12:55 [INFO] - Generating time series for BELUSDT
2024-06-30 16:12:57 [INFO] - Generating time series for WLDUSDT
2024-06-30 16:12:58 [INFO] - Generating time series for 1000LUNCUSDT
2024-06-30 16:12:58 [INFO] - Generating time series for RENUSDT
2024-06-30 16:12:59 [INFO] - Generating time series for HBARUSDT
2024-06-30 16:13:00 [INFO] - Generating time series for STORJUSDT
2024-06-30 16:13:01 [INFO] - Generating time series for DUSKUSDT
2024-06-30 16:13:02 [INFO] - Generating time series for GRTUSDT
2024-06-30 16:13:02 [INFO] - Generating time series for POLYXUSDT
2024-06-30 16:13:03 [INFO] - Generating time series for ALICEUSDT
2024-06-30 16:13:04 [INFO] - Generating time series for HOOKUSDT
2024-06-30 16:13:05 [INFO] - Generating time series for LINKUSDT
2024-06-30 16:13:05 [INFO] - Generating time series for HIGHUSDT
2024-06-30 16:13:07 [INFO] - Generating time series for MANAUSDT
2024-06-30 16:13:07 [INFO] - Generating time series for XLMUSDT
2024-06-30 16:13:08 [INFO] - Generating time series for ONDOUSDT
2024-06-30 16:13:08 [INFO] - Generating time series for KASUSDT
2024-06-30 16:13:08 [INFO] - Generating time series for TURBOUSDT
2024-06-30 16:13:09 [INFO] - Generating time series for ROSEUSDT
2024-06-30 16:13:09 [INFO] - Generating time series for LEVERUSDT
2024-06-30 16:13:09 [INFO] - Generating time series for TRUUSDT
2024-06-30 16:13:10 [INFO] - Generating time series for ETHUSDT
2024-06-30 16:13:10 [INFO] - Generating time series for COMPUSDT
2024-06-30 16:13:10 [INFO] - Generating time series for ADAUSDT
2024-06-30 16:13:10 [INFO] - Generating time series for WAXPUSDT
2024-06-30 16:13:11 [INFO] - Generating time series for OMUSDT
2024-06-30 16:13:11 [INFO] - Generating time series for MYROUSDT
2024-06-30 16:13:11 [INFO] - Generating time series for PERPUSDT
2024-06-30 16:13:12 [INFO] - Generating time series for DODOXUSDT
2024-06-30 16:13:12 [INFO] - Generating time series for ALPHAUSDT
2024-06-30 16:13:12 [INFO] - Generating time series for 1000SATSUSDT
2024-06-30 16:13:12 [INFO] - Generating time series for OPUSDT
2024-06-30 16:13:13 [INFO] - Generating time series for BTCSTUSDT
2024-06-30 16:13:13 [INFO] - Generating time series for ILVUSDT
2024-06-30 16:13:13 [INFO] - Generating time series for ENSUSDT
2024-06-30 16:13:14 [INFO] - Generating time series for TRXUSDT
2024-06-30 16:13:14 [INFO] - Generating time series for ARUSDT
2024-06-30 16:13:14 [INFO] - Generating time series for DGBUSDT
2024-06-30 16:13:14 [INFO] - Generating time series for LUNA2USDT
2024-06-30 16:13:15 [INFO] - Generating time series for JUPUSDT
2024-06-30 16:13:15 [INFO] - Generating time series for XAIUSDT
2024-06-30 16:13:15 [INFO] - Generating time series for DOGEUSDT
2024-06-30 16:13:16 [INFO] - Generating time series for LITUSDT
2024-06-30 16:13:16 [INFO] - Generating time series for ATAUSDT
2024-06-30 16:13:16 [INFO] - Generating time series for WOOUSDT
2024-06-30 16:13:16 [INFO] - Generating time series for DEFIUSDT
2024-06-30 16:13:17 [INFO] - Generating time series for NKNUSDT
2024-06-30 16:13:17 [INFO] - Generating time series for GMXUSDT
2024-06-30 16:13:17 [INFO] - Generating time series for TAOUSDT
2024-06-30 16:13:18 [INFO] - Generating time series for 1000RATSUSDT
2024-06-30 16:13:18 [INFO] - Generating time series for LTCUSDT
2024-06-30 16:13:18 [INFO] - Generating time series for TONUSDT
2024-06-30 16:13:19 [INFO] - Generating time series for REEFUSDT
2024-06-30 16:13:19 [INFO] - Generating time series for SANDUSDT
2024-06-30 16:13:19 [INFO] - Generating time series for KEYUSDT
2024-06-30 16:13:19 [INFO] - Generating time series for ETHFIUSDT
2024-06-30 16:13:20 [INFO] - Generating time series for HOTUSDT
2024-06-30 16:13:20 [INFO] - Generating time series for QNTUSDT
2024-06-30 16:13:20 [INFO] - Generating time series for RLCUSDT
2024-06-30 16:13:21 [INFO] - Generating time series for PENDLEUSDT
2024-06-30 16:13:21 [INFO] - Generating time series for STPTUSDT
2024-06-30 16:13:21 [INFO] - Generating time series for OGNUSDT
2024-06-30 16:13:21 [INFO] - Generating time series for CVXUSDT
2024-06-30 16:13:22 [INFO] - Generating time series for ZROUSDT
2024-06-30 16:13:22 [INFO] - Generating time series for VANRYUSDT
2024-06-30 16:13:22 [INFO] - Generating time series for PEOPLEUSDT
2024-06-30 16:13:23 [INFO] - Generating time series for BIGTIMEUSDT
2024-06-30 16:13:23 [INFO] - Generating time series for CELOUSDT
2024-06-30 16:13:23 [INFO] - Generating time series for APTUSDT
2024-06-30 16:13:23 [INFO] - Generating time series for MAVUSDT
2024-06-30 16:13:24 [INFO] - Generating time series for C98USDT
2024-06-30 16:13:24 [INFO] - Generating time series for TOMOUSDT
2024-06-30 16:13:24 [INFO] - Generating time series for LOOMUSDT
2024-06-30 16:13:25 [INFO] - Generating time series for RIFUSDT
2024-06-30 16:13:25 [INFO] - Generating time series for SNTUSDT
2024-06-30 16:13:25 [INFO] - Generating time series for STEEMUSDT
2024-06-30 16:13:26 [INFO] - Generating time series for HNTUSDT
2024-06-30 16:13:26 [INFO] - Generating time series for MOVRUSDT
2024-06-30 16:13:26 [INFO] - Generating time series for BALUSDT
2024-06-30 16:13:26 [INFO] - Generating time series for SPELLUSDT
2024-06-30 16:13:27 [INFO] - Generating time series for TNSRUSDT
2024-06-30 16:13:27 [INFO] - Generating time series for SOLUSDT
2024-06-30 16:13:27 [INFO] - Generating time series for BADGERUSDT
2024-06-30 16:13:27 [INFO] - Generating time series for NOTUSDT
2024-06-30 16:13:28 [INFO] - Generating time series for FXSUSDT
2024-06-30 16:13:28 [INFO] - Generating time series for JTOUSDT
2024-06-30 16:13:28 [INFO] - Generating time series for EOSUSDT
2024-06-30 16:13:29 [INFO] - Generating time series for RVNUSDT
2024-06-30 16:13:29 [INFO] - Generating time series for EGLDUSDT
2024-06-30 16:13:29 [INFO] - Generating time series for MAVIAUSDT
2024-06-30 16:13:29 [INFO] - Generating time series for ICXUSDT
2024-06-30 16:13:30 [INFO] - Generating time series for EDUUSDT
2024-06-30 16:13:30 [INFO] - Generating time series for XTZUSDT
2024-06-30 16:13:30 [INFO] - Generating time series for XMRUSDT
2024-06-30 16:13:31 [INFO] - Generating time series for RONINUSDT
2024-06-30 16:13:31 [INFO] - Generating time series for ARBUSDT
2024-06-30 16:13:31 [INFO] - Generating time series for FTTUSDT
2024-06-30 16:13:31 [INFO] - Generating time series for STRKUSDT
2024-06-30 16:13:32 [INFO] - Generating time series for UNFIUSDT
2024-06-30 16:13:32 [INFO] - Generating time series for QTUMUSDT
2024-06-30 16:13:32 [INFO] - Generating time series for CTSIUSDT
2024-06-30 16:13:33 [INFO] - Generating time series for GASUSDT
2024-06-30 16:13:33 [INFO] - Generating time series for AEVOUSDT
2024-06-30 16:13:33 [INFO] - Generating time series for XVSUSDT
2024-06-30 16:13:33 [INFO] - Generating time series for REZUSDT
2024-06-30 16:13:34 [INFO] - Generating time series for GALAUSDT
2024-06-30 16:13:34 [INFO] - Generating time series for SEIUSDT
2024-06-30 16:13:34 [INFO] - Generating time series for MBLUSDT
2024-06-30 16:13:35 [INFO] - Generating time series for KLAYUSDT
2024-06-30 16:13:35 [INFO] - Generating time series for DARUSDT
2024-06-30 16:13:35 [INFO] - Generating time series for BCHUSDT
2024-06-30 16:13:35 [INFO] - Generating time series for CYBERUSDT
2024-06-30 16:13:36 [INFO] - Generating time series for BLZUSDT
2024-06-30 16:13:36 [INFO] - Generating time series for METISUSDT
2024-06-30 16:13:36 [INFO] - Generating time series for ARKMUSDT
2024-06-30 16:13:36 [INFO] - Generating time series for DYDXUSDT
2024-06-30 16:13:37 [INFO] - Generating time series for SNXUSDT
2024-06-30 16:13:37 [INFO] - Generating time series for AUDIOUSDT
2024-06-30 16:13:37 [INFO] - Generating time series for CAKEUSDT
2024-06-30 16:13:38 [INFO] - Generating time series for TRBUSDT
2024-06-30 16:13:38 [INFO] - Generating time series for API3USDT
2024-06-30 16:13:38 [INFO] - Generating time series for ZETAUSDT
2024-06-30 16:13:38 [INFO] - Generating time series for SFPUSDT
2024-06-30 16:13:39 [INFO] - Generating time series for 1INCHUSDT
2024-06-30 16:13:39 [INFO] - Generating time series for GTCUSDT
2024-06-30 16:13:39 [INFO] - Generating time series for FILUSDT
2024-06-30 16:13:40 [INFO] - Generating time series for ASTRUSDT
2024-06-30 16:13:40 [INFO] - Generating time series for ONEUSDT
2024-06-30 16:13:40 [INFO] - Generating time series for DOTUSDT
2024-06-30 16:13:40 [INFO] - Generating time series for WAVESUSDT
2024-06-30 16:13:41 [INFO] - Generating time series for ETHUSDT_240628
2024-06-30 16:13:41 [INFO] - Generating time series for OMNIUSDT
2024-06-30 16:13:41 [INFO] - Generating time series for IDEXUSDT
2024-06-30 16:13:42 [INFO] - Generating time series for BLUEBIRDUSDT
2024-06-30 16:13:42 [INFO] - Generating time series for BEAMXUSDT
2024-06-30 16:13:42 [INFO] - Generating time series for GLMUSDT
2024-06-30 16:13:42 [INFO] - Generating time series for ONTUSDT
2024-06-30 16:13:43 [INFO] - Generating time series for ETHUSDT_241227
2024-06-30 16:13:43 [INFO] - Generating time series for PIXELUSDT
2024-06-30 16:13:43 [INFO] - Generating time series for LQTYUSDT
2024-06-30 16:13:44 [INFO] - Generating time series for ETHWUSDT
2024-06-30 16:13:44 [INFO] - Generating time series for ZRXUSDT
2024-06-30 16:13:44 [INFO] - Generating time series for ETCUSDT
2024-06-30 16:13:44 [INFO] - Generating time series for AVAXUSDT
2024-06-30 16:13:45 [INFO] - Generating time series for BTCDOMUSDT
2024-06-30 16:13:45 [INFO] - Generating time series for FETUSDT
2024-06-30 16:13:45 [INFO] - Generating time series for MANTAUSDT
2024-06-30 16:13:45 [INFO] - Generating time series for SUPERUSDT
2024-06-30 16:13:46 [INFO] - Generating time series for 1000SHIBUSDT
2024-06-30 16:13:46 [INFO] - Generating time series for AUCTIONUSDT
2024-06-30 16:13:46 [INFO] - Generating time series for MATICUSDT
2024-06-30 16:13:47 [INFO] - Generating time series for RADUSDT
2024-06-30 16:13:47 [INFO] - Generating time series for WUSDT
2024-06-30 16:13:47 [INFO] - Generating time series for SRMUSDT
2024-06-30 16:13:47 [INFO] - Generating time series for TOKENUSDT
2024-06-30 16:13:48 [INFO] - Generating time series for FOOTBALLUSDT
2024-06-30 16:13:48 [INFO] - Generating time series for ZECUSDT
2024-06-30 16:13:48 [INFO] - Generating time series for 1000PEPEUSDT
2024-06-30 16:13:49 [INFO] - Generating time series for BATUSDT
2024-06-30 16:13:49 [INFO] - Generating time series for COMBOUSDT
2024-06-30 16:13:49 [INFO] - Generating time series for MINAUSDT
2024-06-30 16:13:49 [INFO] - Generating time series for NFPUSDT
2024-06-30 16:13:50 [INFO] - Generating time series for MASKUSDT
2024-06-30 16:13:50 [INFO] - Generating time series for BSVUSDT
2024-06-30 16:13:50 [INFO] - Generating time series for GALUSDT
2024-06-30 16:13:51 [INFO] - Generating time series for PYTHUSDT
2024-06-30 16:13:51 [INFO] - Generating time series for LPTUSDT
2024-06-30 16:13:51 [INFO] - Generating time series for UMAUSDT
2024-06-30 16:13:51 [INFO] - Generating time series for ACHUSDT
2024-06-30 16:13:52 [INFO] - Generating time series for NEOUSDT
2024-06-30 16:13:52 [INFO] - Generating time series for MKRUSDT
2024-06-30 16:13:52 [INFO] - Generating time series for MTLUSDT
2024-06-30 16:13:52 [INFO] - Generating time series for BBUSDT
2024-06-30 16:13:53 [INFO] - Generating time series for SUIUSDT
2024-06-30 16:13:53 [INFO] - Generating time series for BTCUSDT_241227
2024-06-30 16:13:53 [INFO] - Generating time series for PORTALUSDT
2024-06-30 16:13:54 [INFO] - Generating time series for BAKEUSDT
2024-06-30 16:13:54 [INFO] - Generating time series for WIFUSDT
2024-06-30 16:13:54 [INFO] - Generating time series for IOSTUSDT
2024-06-30 16:13:54 [INFO] - Generating time series for DYMUSDT
2024-06-30 16:13:55 [INFO] - Generating time series for KAVAUSDT
2024-06-30 16:13:55 [INFO] - Generating time series for ZENUSDT
2024-06-30 16:13:55 [INFO] - Generating time series for JASMYUSDT
2024-06-30 16:13:56 [INFO] - Generating time series for IOTXUSDT
2024-06-30 16:13:56 [INFO] - Generating time series for ZILUSDT
2024-06-30 16:13:56 [INFO] - Generating time series for STXUSDT
2024-06-30 16:13:56 [INFO] - Generating time series for CKBUSDT
2024-06-30 16:13:57 [INFO] - Generating time series for ICPUSDT
2024-06-30 16:13:57 [INFO] - Generating time series for LINAUSDT
2024-06-30 16:13:57 [INFO] - Generating time series for IOTAUSDT
2024-06-30 16:13:57 [INFO] - Generating time series for ENAUSDT
2024-06-30 16:13:58 [INFO] - Generating time series for IMXUSDT
2024-06-30 16:13:58 [INFO] - Generating time series for TLMUSDT
2024-06-30 16:13:58 [INFO] - Generating time series for LRCUSDT
2024-06-30 16:13:59 [INFO] - Generating time series for KSMUSDT
2024-06-30 16:13:59 [INFO] - Generating time series for INJUSDT
2024-06-30 16:13:59 [INFO] - Generating time series for ATOMUSDT
2024-06-30 16:13:59 [INFO] - Generating time series for ALGOUSDT
2024-06-30 16:14:00 [INFO] - Generating time series for CHZUSDT
2024-06-30 16:14:00 [INFO] - Generating time series for NTRNUSDT
2024-06-30 16:14:00 [INFO] - Generating time series for XRPUSDT
2024-06-30 16:14:01 [INFO] - Generating time series for LISTAUSDT
2024-06-30 16:14:01 [INFO] - Generating time series for STGUSDT
2024-06-30 16:14:01 [INFO] - Generating time series for AXLUSDT
2024-06-30 16:14:01 [INFO] - Generating time series for GMTUSDT
2024-06-30 16:14:02 [INFO] - Generating time series for JOEUSDT
2024-06-30 16:14:02 [INFO] - Generating time series for IDUSDT
2024-06-30 16:14:02 [INFO] - Generating time series for RSRUSDT
2024-06-30 16:14:02 [INFO] - Generating time series for USTCUSDT
2024-06-30 16:14:03 [INFO] - Generating time series for GLMRUSDT
2024-06-30 16:14:03 [INFO] - Generating time series for MEMEUSDT
2024-06-30 16:14:03 [INFO] - Generating time series for ARPAUSDT
2024-06-30 16:14:04 [INFO] - Generating time series for BTCUSDT_240628
2024-06-30 16:14:04 [INFO] - Generating time series for NMRUSDT
2024-06-30 16:14:04 [INFO] - Generating time series for KNCUSDT
2024-06-30 16:14:04 [INFO] - Generating time series for FRONTUSDT
2024-06-30 16:14:05 [INFO] - Generating time series for ACEUSDT
2024-06-30 16:14:05 [INFO] - Generating time series for MEWUSDT
2024-06-30 16:14:05 [INFO] - Generating time series for AIUSDT
2024-06-30 16:14:05 [INFO] - Generating time series for ETHUSDT_240927
2024-06-30 16:14:06 [INFO] - Generating time series for BNTUSDT
2024-06-30 16:14:06 [INFO] - Generating time series for CFXUSDT
2024-06-30 16:14:06 [INFO] - Generating time series for BTCUSDT
2024-06-30 16:14:07 [INFO] - Generating time series for APEUSDT
2024-06-30 16:14:07 [INFO] - Generating time series for XVGUSDT
2024-06-30 16:14:07 [INFO] - Generating time series for ORBSUSDT
2024-06-30 16:14:07 [INFO] - Generating time series for DENTUSDT
2024-06-30 16:14:08 [INFO] - Generating time series for BLURUSDT
2024-06-30 16:14:08 [INFO] - Generating time series for STMXUSDT
2024-06-30 16:14:08 [INFO] - Generating time series for 1000FLOKIUSDT
2024-06-30 16:14:09 [INFO] - Generating time series for LDOUSDT
2024-06-30 16:14:09 [INFO] - Generating time series for RDNTUSDT
2024-06-30 16:14:09 [INFO] - Generating time series for YGGUSDT
2024-06-30 16:14:09 [INFO] - Generating time series for RUNEUSDT
2024-06-30 16:14:10 [INFO] - Generating time series for FLMUSDT
2024-06-30 16:14:10 [INFO] - Generating time series for 1000BONKUSDT
2024-06-30 16:14:10 [INFO] - Generating time series for ANTUSDT
2024-06-30 16:14:11 [INFO] - Generating time series for AGLDUSDT
2024-06-30 16:14:11 [INFO] - Generating time series for NEARUSDT
2024-06-30 16:14:11 [INFO] - Generating time series for CHRUSDT
2024-06-30 16:14:11 [INFO] - Generating time series for ZKUSDT
2024-06-30 16:14:12 [INFO] - Generating time series for FTMUSDT
2024-06-30 16:14:12 [INFO] - Generating time series for BONDUSDT
2024-06-30 16:14:12 [INFO] - Generating time series for THETAUSDT
2024-06-30 16:14:12 [INFO] - Generating time series for DASHUSDT
2024-06-30 16:14:13 [INFO] - Generating time series for BOMEUSDT
2024-06-30 16:14:13 [INFO] - Generating time series for HFTUSDT
2024-06-30 16:14:13 [INFO] - Generating time series for OXTUSDT
2024-06-30 16:14:14 [INFO] - Generating time series for XEMUSDT
2024-06-30 16:14:14 [INFO] - Generating time series for RNDRUSDT
2024-06-30 16:14:14 [INFO] - Generating time series for IOUSDT
2024-06-30 16:14:14 [INFO] - Generating time series for RAYUSDT
2024-06-30 16:14:15 [INFO] - Generating time series for HIFIUSDT
2024-06-30 16:14:15 [INFO] - Generating time series for CVCUSDT
2024-06-30 16:14:15 [INFO] - Generating time series for FLOWUSDT
2024-06-30 16:14:16 [INFO] - Generating time series for MAGICUSDT
2024-06-30 16:14:16 [INFO] - Generating time series for SXPUSDT
2024-06-30 16:14:16 [INFO] - Generating time series for CELRUSDT
2024-06-30 16:14:16 [INFO] - Generating time series for ALTUSDT
2024-06-30 16:14:17 [INFO] - Generating time series for COCOSUSDT
2024-06-30 16:14:17 [INFO] - Generating time series for BTCUSDT_240927
2024-06-30 16:14:17 [INFO] - Generating time series for OMGUSDT
2024-06-30 16:14:17 [INFO] - Generating time series for ARKUSDT
2024-06-30 16:14:18 [INFO] - Generating time series for POWRUSDT
2024-06-30 16:14:18 [INFO] - Generating time series for BNBUSDT
2024-06-30 16:14:18 [INFO] - Generating time series for YFIUSDT
2024-06-30 16:14:19 [INFO] - Generating time series for SUSHIUSDT
2024-06-30 16:14:19 [INFO] - Generating time series for MDTUSDT
2024-06-30 16:14:19 [INFO] - Generating time series for CRVUSDT
2024-06-30 16:14:19 [INFO] - Generating time series for BANDUSDT
2024-06-30 16:14:20 [INFO] - Generating time series for AMBUSDT
2024-06-30 16:14:20 [INFO] - Generating time series for VETUSDT
2024-06-30 16:14:20 [INFO] - Generating time series for ENJUSDT
2024-06-30 16:14:21 [INFO] - Generating time series for ANKRUSDT
2024-06-30 16:14:21 [INFO] - Generating time series for BTSUSDT
2024-06-30 16:14:21 [INFO] - Generating time series for SAGAUSDT
2024-06-30 16:14:21 [INFO] - Generating time series for PHBUSDT
2024-06-30 16:14:22 [INFO] - Generating time series for SSVUSDT
2024-06-30 16:14:22 [INFO] - Generating time series for CTKUSDT
2024-06-30 16:14:22 [INFO] - Generating time series for 1000XECUSDT
2024-06-30 16:14:23 [INFO] - Generating time series for UNIUSDT
2024-06-30 16:14:23 [INFO] - Generating time series for TUSDT
2024-06-30 16:14:23 [INFO] - Generating time series for SCUSDT
2024-06-30 16:14:23 [INFO] - Generating time series for ONGUSDT
2024-06-30 16:14:24 [INFO] - Generating time series for ORDIUSDT
2024-06-30 16:14:24 [INFO] - Generating time series for AAVEUSDT
2024-06-30 16:14:24 [INFO] - Generating time series for TIAUSDT
2024-06-30 16:14:25 [INFO] - Generating time series for TWTUSDT
2024-06-30 16:14:25 [INFO] - Generating time series for BICOUSDT
2024-06-30 16:14:25 [INFO] - Generating time series for AGIXUSDT
2024-06-30 16:14:25 [INFO] - Generating time series for COTIUSDT
2024-06-30 16:14:26 [INFO] - Generating time series for SLPUSDT
2024-06-30 16:14:27 [INFO] - Generating time series for STRAXUSDT
2024-06-30 16:14:27 [INFO] - Generating time series for OCEANUSDT
2024-06-30 16:14:27 [INFO] - Generating time series for AXSUSDT
2024-06-30 16:14:28 [INFO] - Generating time series for SKLUSDT
2024-06-30 16:14:28 [INFO] - Generating time series for BNXUSDT
2024-06-30 16:14:28 [INFO] - --------------------------------------------------------------------------------------------------------------------
2024-06-30 16:14:28 [INFO] - [36m CopyBot 1.016 ( test Edition beta. Good and Best!)    [0m
2024-06-30 16:14:28 [INFO] -  Open trades LONG: 0 SHORT:0
2024-06-30 16:14:28 [INFO] -  LONG:  []
2024-06-30 16:14:28 [INFO] -  SHORT: []
2024-06-30 16:14:28 [INFO] - --------------------------------------------------------------------------------------------------------------------
2024-06-30 16:14:28 [INFO] - [32m Start time       : Sun Jun 30 16:12:50 CEST 2024 [0m 
2024-06-30 16:14:28 [INFO] - [32m Execute time     : 0:01:37 [0m 
2024-06-30 16:14:30 [INFO] - [32m Start Balance    : 18.45056955               Current  Balance : 18.44664295 [0m 
2024-06-30 16:14:30 [INFO] - [32m Max. Position:   : 2                         USDT Size : 20.0 [0m 
2024-06-30 16:14:30 [INFO] - --------------------------------------------------------------------------------------------------------------------
2024-06-30 16:15:29 [INFO] - Trying to buy ATOMUSDT, quantity: 3 using limit order
2024-06-30 16:15:32 [INFO] - Trying to buy LISTAUSDT, quantity: 29 using limit order
2024-06-30 16:15:32 [INFO] - Time out to buy LISTAUSDT. Search next position 
2024-06-30 16:15:32 [INFO] - [Close]------- Trade LISTAUSDT is closed with profit: 0,00000000
2024-06-30 16:15:32 [INFO] - Buy [SHORT] ready : LISTAUSDT, quantity: 29,  
2024-06-30 16:15:50 [INFO] - [SHORT] Waiting to buy ATOMUSDT    0 s. 
2024-06-30 16:15:50 [INFO] - Buy [SHORT] ready : ATOMUSDT, quantity: 3,  6.658
2024-06-30 16:16:00 [INFO] - All symbols analyzed, time elapsed: 90.2 seconds.
2024-06-30 16:17:28 [INFO] - --------------------------------------------------------------------------------------------------------------------
2024-06-30 16:17:28 [INFO] - [36m CopyBot 1.016 ( test Edition beta. Good and Best!)    [0m
2024-06-30 16:17:28 [INFO] -  Open trades LONG: 0 SHORT:1
2024-06-30 16:17:28 [INFO] -  LONG:  []
2024-06-30 16:17:28 [INFO] -  SHORT: [ATOMUSDT]
2024-06-30 16:17:28 [INFO] - --------------------------------------------------------------------------------------------------------------------
2024-06-30 16:17:28 [INFO] - [32m Start time       : Sun Jun 30 16:12:50 CEST 2024 [0m 
2024-06-30 16:17:28 [INFO] - [32m Execute time     : 0:04:37 [0m 
2024-06-30 16:17:29 [INFO] - [32m Start Balance    : 18.45056955               Current  Balance : 18.43665596 [0m 
2024-06-30 16:17:29 [INFO] - [32m Max. Position:   : 2                         USDT Size : 20.0 [0m 
2024-06-30 16:17:29 [INFO] - --------------------------------------------------------------------------------------------------------------------
2024-06-30 16:17:55 [INFO] - [31mSHORT : ATOMUSDT. Curr : 6,66359460, buy : 6,65800000, stop : 6,99090000, Max. : 0,00 % , Min. : -1,68 % , profit: -1,68 %  [0m
2024-06-30 16:18:59 [INFO] - All symbols analyzed, time elapsed: 89.987 seconds.
2024-06-30 16:20:28 [INFO] - --------------------------------------------------------------------------------------------------------------------
2024-06-30 16:20:28 [INFO] - [36m CopyBot 1.016 ( test Edition beta. Good and Best!)    [0m
2024-06-30 16:20:28 [INFO] -  Open trades LONG: 0 SHORT:1
2024-06-30 16:20:28 [INFO] -  LONG:  []
2024-06-30 16:20:28 [INFO] -  SHORT: [ATOMUSDT]
2024-06-30 16:20:28 [INFO] - --------------------------------------------------------------------------------------------------------------------
2024-06-30 16:20:28 [INFO] - [32m Start time       : Sun Jun 30 16:12:50 CEST 2024 [0m 
2024-06-30 16:20:28 [INFO] - [32m Execute time     : 0:07:37 [0m 
2024-06-30 16:20:29 [INFO] - [32m Start Balance    : 18.45056955               Current  Balance : 18.43665596 [0m 
2024-06-30 16:20:29 [INFO] - [32m Max. Position:   : 2                         USDT Size : 20.0 [0m 
2024-06-30 16:20:29 [INFO] - --------------------------------------------------------------------------------------------------------------------
2024-06-30 16:21:03 [INFO] - [31mSHORT : ATOMUSDT. Curr : 6,66516206, buy : 6,65800000, stop : 6,99090000, Max. : 0,00 % , Min. : -4,51 % , profit: -2,15 %  [0m
2024-06-30 16:21:58 [INFO] - All symbols analyzed, time elapsed: 89.783 seconds.
2024-06-30 16:23:28 [INFO] - --------------------------------------------------------------------------------------------------------------------
2024-06-30 16:23:28 [INFO] - [36m CopyBot 1.016 ( test Edition beta. Good and Best!)    [0m
2024-06-30 16:23:28 [INFO] -  Open trades LONG: 0 SHORT:1
2024-06-30 16:23:28 [INFO] -  LONG:  []
2024-06-30 16:23:28 [INFO] -  SHORT: [ATOMUSDT]
2024-06-30 16:23:28 [INFO] - --------------------------------------------------------------------------------------------------------------------
2024-06-30 16:23:28 [INFO] - [32m Start time       : Sun Jun 30 16:12:50 CEST 2024 [0m 
2024-06-30 16:23:28 [INFO] - [32m Execute time     : 0:10:37 [0m 
2024-06-30 16:23:29 [INFO] - [32m Start Balance    : 18.45056955               Current  Balance : 18.43665596 [0m 
2024-06-30 16:23:29 [INFO] - [32m Max. Position:   : 2                         USDT Size : 20.0 [0m 
2024-06-30 16:23:29 [INFO] - --------------------------------------------------------------------------------------------------------------------
2024-06-30 16:24:11 [INFO] - [31mSHORT : ATOMUSDT. Curr : 6,66535726, buy : 6,65800000, stop : 6,99090000, Max. : 0,00 % , Min. : -4,51 % , profit: -2,21 %  [0m
2024-06-30 16:24:58 [INFO] - All symbols analyzed, time elapsed: 89.249 seconds.
2024-06-30 16:26:28 [INFO] - --------------------------------------------------------------------------------------------------------------------
2024-06-30 16:26:28 [INFO] - [36m CopyBot 1.016 ( test Edition beta. Good and Best!)    [0m
2024-06-30 16:26:28 [INFO] -  Open trades LONG: 0 SHORT:1
2024-06-30 16:26:28 [INFO] -  LONG:  []
2024-06-30 16:26:28 [INFO] -  SHORT: [ATOMUSDT]
2024-06-30 16:26:28 [INFO] - --------------------------------------------------------------------------------------------------------------------
2024-06-30 16:26:28 [INFO] - [32m Start time       : Sun Jun 30 16:12:50 CEST 2024 [0m 
2024-06-30 16:26:28 [INFO] - [32m Execute time     : 0:13:37 [0m 
2024-06-30 16:26:29 [INFO] - [32m Start Balance    : 18.45056955               Current  Balance : 18.43665596 [0m 
2024-06-30 16:26:29 [INFO] - [32m Max. Position:   : 2                         USDT Size : 20.0 [0m 
2024-06-30 16:26:29 [INFO] - --------------------------------------------------------------------------------------------------------------------
2024-06-30 16:26:39 [INFO] - Trying to buy TRUUSDT, quantity: 167 using limit order
2024-06-30 16:26:39 [INFO] - Time out to buy TRUUSDT. Search next position 
2024-06-30 16:26:39 [INFO] - [Close]------- Trade TRUUSDT is closed with profit: 0,00000000
2024-06-30 16:26:39 [INFO] - Buy [SHORT] ready : TRUUSDT, quantity: 167,  
2024-06-30 16:27:19 [INFO] - [31mSHORT : ATOMUSDT. Curr : 6,66135550, buy : 6,65800000, stop : 6,99090000, Max. : 1,03 % , Min. : -4,51 % , profit: -1,01 %  [0m
2024-06-30 16:27:59 [INFO] - All symbols analyzed, time elapsed: 90.797 seconds.
2024-06-30 16:29:28 [INFO] - --------------------------------------------------------------------------------------------------------------------
2024-06-30 16:29:28 [INFO] - [36m CopyBot 1.016 ( test Edition beta. Good and Best!)    [0m
2024-06-30 16:29:28 [INFO] -  Open trades LONG: 0 SHORT:1
2024-06-30 16:29:28 [INFO] -  LONG:  []
2024-06-30 16:29:28 [INFO] -  SHORT: [ATOMUSDT]
2024-06-30 16:29:28 [INFO] - --------------------------------------------------------------------------------------------------------------------
2024-06-30 16:29:28 [INFO] - [32m Start time       : Sun Jun 30 16:12:50 CEST 2024 [0m 
2024-06-30 16:29:28 [INFO] - [32m Execute time     : 0:16:37 [0m 
2024-06-30 16:29:29 [INFO] - [32m Start Balance    : 18.45056955               Current  Balance : 18.43665596 [0m 
2024-06-30 16:29:29 [INFO] - [32m Max. Position:   : 2                         USDT Size : 20.0 [0m 
2024-06-30 16:29:29 [INFO] - --------------------------------------------------------------------------------------------------------------------
2024-06-30 16:30:27 [INFO] -  SHORT : ATOMUSDT. Curr : 6,65779082, buy : 6,65800000, stop : 6,99090000, Max. : 1,03 % , Min. : -4,51 % , profit: 0,06 %  [0m
2024-06-30 16:30:48 [INFO] - Trying to buy CELRUSDT, quantity: 1282 using limit order
2024-06-30 16:30:48 [INFO] - Time out to buy CELRUSDT. Search next position 
2024-06-30 16:30:48 [INFO] - [Close]------- Trade CELRUSDT is closed with profit: 0,00000000
2024-06-30 16:30:48 [INFO] - Buy [SHORT] ready : CELRUSDT, quantity: 1282,  
2024-06-30 16:31:00 [INFO] - All symbols analyzed, time elapsed: 91.114 seconds.
2024-06-30 16:32:28 [INFO] - --------------------------------------------------------------------------------------------------------------------
2024-06-30 16:32:28 [INFO] - [36m CopyBot 1.016 ( test Edition beta. Good and Best!)    [0m
2024-06-30 16:32:28 [INFO] -  Open trades LONG: 0 SHORT:1
2024-06-30 16:32:28 [INFO] -  LONG:  []
2024-06-30 16:32:28 [INFO] -  SHORT: [ATOMUSDT]
2024-06-30 16:32:28 [INFO] - --------------------------------------------------------------------------------------------------------------------
2024-06-30 16:32:28 [INFO] - [32m Start time       : Sun Jun 30 16:12:50 CEST 2024 [0m 
2024-06-30 16:32:28 [INFO] - [32m Execute time     : 0:19:37 [0m 
2024-06-30 16:32:29 [INFO] - [32m Start Balance    : 18.45056955               Current  Balance : 19.70958872 [0m 
2024-06-30 16:32:29 [INFO] - [32m Max. Position:   : 2                         USDT Size : 20.0 [0m 
2024-06-30 16:32:29 [INFO] - --------------------------------------------------------------------------------------------------------------------
2024-06-30 16:33:35 [INFO] - [31mSHORT : ATOMUSDT. Curr : 6,66133340, buy : 6,65800000, stop : 6,99090000, Max. : 1,17 % , Min. : -4,51 % , profit: -1,00 %  [0m
2024-06-30 16:33:56 [INFO] - All symbols analyzed, time elapsed: 87.708 seconds.
2024-06-30 16:35:28 [INFO] - --------------------------------------------------------------------------------------------------------------------
2024-06-30 16:35:28 [INFO] - [36m CopyBot 1.016 ( test Edition beta. Good and Best!)    [0m
2024-06-30 16:35:28 [INFO] -  Open trades LONG: 0 SHORT:1
2024-06-30 16:35:28 [INFO] -  LONG:  []
2024-06-30 16:35:28 [INFO] -  SHORT: [ATOMUSDT]
2024-06-30 16:35:28 [INFO] - --------------------------------------------------------------------------------------------------------------------
2024-06-30 16:35:28 [INFO] - [32m Start time       : Sun Jun 30 16:12:50 CEST 2024 [0m 
2024-06-30 16:35:28 [INFO] - [32m Execute time     : 0:22:37 [0m 
2024-06-30 16:35:29 [INFO] - [32m Start Balance    : 18.45056955               Current  Balance : 19.70958872 [0m 
2024-06-30 16:35:29 [INFO] - [32m Max. Position:   : 2                         USDT Size : 20.0 [0m 
2024-06-30 16:35:29 [INFO] - --------------------------------------------------------------------------------------------------------------------
2024-06-30 16:35:50 [INFO] - Trying to buy SANDUSDT, quantity: 61 using limit order
2024-06-30 16:36:10 [INFO] - [SHORT] Waiting to buy SANDUSDT    0 s. 
2024-06-30 16:36:10 [INFO] - Buy [SHORT] ready : SANDUSDT, quantity: 61,  0.3276
2024-06-30 16:36:43 [INFO] -  SHORT : ATOMUSDT. Curr : 6,65521090, buy : 6,65800000, stop : 6,99090000, Max. : 1,80 % , Min. : -4,51 % , profit: 0,84 %  [0m
2024-06-30 16:36:50 [INFO] - All symbols analyzed, time elapsed: 81.057 seconds.
2024-06-30 16:38:16 [INFO] -  SHORT : SANDUSDT. Curr : 0,32760000, buy : 0,32760000, stop : 0,34398000, Max. : 0,61 % , Min. : -0,61 % , profit: 0,00 %  [0m
2024-06-30 16:38:28 [INFO] - --------------------------------------------------------------------------------------------------------------------
2024-06-30 16:38:28 [INFO] - [36m CopyBot 1.016 ( test Edition beta. Good and Best!)    [0m
2024-06-30 16:38:28 [INFO] -  Open trades LONG: 0 SHORT:2
2024-06-30 16:38:28 [INFO] -  LONG:  []
2024-06-30 16:38:28 [INFO] -  SHORT: [ATOMUSDT, SANDUSDT]
2024-06-30 16:38:28 [INFO] - --------------------------------------------------------------------------------------------------------------------
2024-06-30 16:38:28 [INFO] - [32m Start time       : Sun Jun 30 16:12:50 CEST 2024 [0m 
2024-06-30 16:38:28 [INFO] - [32m Execute time     : 0:25:37 [0m 
2024-06-30 16:38:29 [INFO] - [32m Start Balance    : 18.45056955               Current  Balance : 19.70559201 [0m 
2024-06-30 16:38:29 [INFO] - [32m Max. Position:   : 2                         USDT Size : 20.0 [0m 
2024-06-30 16:38:29 [INFO] - --------------------------------------------------------------------------------------------------------------------
2024-06-30 16:39:44 [INFO] - All symbols analyzed, time elapsed: 75.884 seconds.
2024-06-30 16:39:51 [INFO] -  SHORT : ATOMUSDT. Curr : 6,65210367, buy : 6,65800000, stop : 6,99090000, Max. : 1,80 % , Min. : -4,51 % , profit: 1,77 %  [0m
2024-06-30 16:41:24 [INFO] -  SHORT : SANDUSDT. Curr : 0,32691715, buy : 0,32760000, stop : 0,34398000, Max. : 4,17 % , Min. : -0,61 % , profit: 4,17 %  [0m
2024-06-30 16:41:28 [INFO] - --------------------------------------------------------------------------------------------------------------------
2024-06-30 16:41:28 [INFO] - [36m CopyBot 1.016 ( test Edition beta. Good and Best!)    [0m
2024-06-30 16:41:28 [INFO] -  Open trades LONG: 0 SHORT:2
2024-06-30 16:41:28 [INFO] -  LONG:  []
2024-06-30 16:41:28 [INFO] -  SHORT: [ATOMUSDT, SANDUSDT]
2024-06-30 16:41:28 [INFO] - --------------------------------------------------------------------------------------------------------------------
2024-06-30 16:41:28 [INFO] - [32m Start time       : Sun Jun 30 16:12:50 CEST 2024 [0m 
2024-06-30 16:41:28 [INFO] - [32m Execute time     : 0:28:37 [0m 
2024-06-30 16:41:29 [INFO] - [32m Start Balance    : 18.45056955               Current  Balance : 19.70559201 [0m 
2024-06-30 16:41:29 [INFO] - [32m Max. Position:   : 2                         USDT Size : 20.0 [0m 
2024-06-30 16:41:29 [INFO] - --------------------------------------------------------------------------------------------------------------------
2024-06-30 16:42:45 [INFO] - All symbols analyzed, time elapsed: 76.613 seconds.
2024-06-30 16:42:59 [INFO] -  SHORT : ATOMUSDT. Curr : 6,64225680, buy : 6,65800000, stop : 6,99090000, Max. : 4,73 % , Min. : -4,51 % , profit: 4,73 %  [0m
2024-06-30 16:44:28 [INFO] - --------------------------------------------------------------------------------------------------------------------
2024-06-30 16:44:28 [INFO] - [36m CopyBot 1.016 ( test Edition beta. Good and Best!)    [0m
2024-06-30 16:44:28 [INFO] -  Open trades LONG: 0 SHORT:2
2024-06-30 16:44:28 [INFO] -  LONG:  []
2024-06-30 16:44:28 [INFO] -  SHORT: [ATOMUSDT, SANDUSDT]
2024-06-30 16:44:28 [INFO] - --------------------------------------------------------------------------------------------------------------------
2024-06-30 16:44:28 [INFO] - [32m Start time       : Sun Jun 30 16:12:50 CEST 2024 [0m 
2024-06-30 16:44:28 [INFO] - [32m Execute time     : 0:31:37 [0m 
2024-06-30 16:44:29 [INFO] - [32m Start Balance    : 18.45056955               Current  Balance : 19.70559201 [0m 
2024-06-30 16:44:29 [INFO] - [32m Max. Position:   : 2                         USDT Size : 20.0 [0m 
2024-06-30 16:44:29 [INFO] - --------------------------------------------------------------------------------------------------------------------
2024-06-30 16:44:31 [INFO] -  SHORT : SANDUSDT. Curr : 0,32670000, buy : 0,32760000, stop : 0,34398000, Max. : 5,49 % , Min. : -0,61 % , profit: 5,49 %  [0m
2024-06-30 16:45:46 [INFO] - All symbols analyzed, time elapsed: 77.685 seconds.
2024-06-30 16:46:07 [INFO] -  SHORT : ATOMUSDT. Curr : 6,64300000, buy : 6,65800000, stop : 6,99090000, Max. : 5,71 % , Min. : -4,51 % , profit: 4,51 %  [0m
2024-06-30 16:47:28 [INFO] - --------------------------------------------------------------------------------------------------------------------
2024-06-30 16:47:28 [INFO] - [36m CopyBot 1.016 ( test Edition beta. Good and Best!)    [0m
2024-06-30 16:47:28 [INFO] -  Open trades LONG: 0 SHORT:2
2024-06-30 16:47:28 [INFO] -  LONG:  []
2024-06-30 16:47:28 [INFO] -  SHORT: [ATOMUSDT, SANDUSDT]
2024-06-30 16:47:28 [INFO] - --------------------------------------------------------------------------------------------------------------------
2024-06-30 16:47:28 [INFO] - [32m Start time       : Sun Jun 30 16:12:50 CEST 2024 [0m 
2024-06-30 16:47:28 [INFO] - [32m Execute time     : 0:34:37 [0m 
2024-06-30 16:47:29 [INFO] - [32m Start Balance    : 18.45056955               Current  Balance : 48.34542626 [0m 
2024-06-30 16:47:29 [INFO] - [32m Max. Position:   : 2                         USDT Size : 20.0 [0m 
2024-06-30 16:47:29 [INFO] - --------------------------------------------------------------------------------------------------------------------
2024-06-30 16:47:39 [INFO] -  SHORT : SANDUSDT. Curr : 0,32680000, buy : 0,32760000, stop : 0,34398000, Max. : 6,11 % , Min. : -0,61 % , profit: 4,88 %  [0m
2024-06-30 16:48:46 [INFO] - All symbols analyzed, time elapsed: 77.077 seconds.
2024-06-30 16:49:14 [INFO] -  SHORT : ATOMUSDT. Curr : 6,64900000, buy : 6,65800000, stop : 6,99090000, Max. : 5,71 % , Min. : -4,51 % , profit: 2,70 %  [0m
2024-06-30 16:50:28 [INFO] - --------------------------------------------------------------------------------------------------------------------
2024-06-30 16:50:28 [INFO] - [36m CopyBot 1.016 ( test Edition beta. Good and Best!)    [0m
2024-06-30 16:50:28 [INFO] -  Open trades LONG: 0 SHORT:2
2024-06-30 16:50:28 [INFO] -  LONG:  []
2024-06-30 16:50:28 [INFO] -  SHORT: [ATOMUSDT, SANDUSDT]
2024-06-30 16:50:28 [INFO] - --------------------------------------------------------------------------------------------------------------------
2024-06-30 16:50:28 [INFO] - [32m Start time       : Sun Jun 30 16:12:50 CEST 2024 [0m 
2024-06-30 16:50:28 [INFO] - [32m Execute time     : 0:37:37 [0m 
2024-06-30 16:50:29 [INFO] - [32m Start Balance    : 18.45056955               Current  Balance : 44.31872008 [0m 
2024-06-30 16:50:29 [INFO] - [32m Max. Position:   : 2                         USDT Size : 20.0 [0m 
2024-06-30 16:50:29 [INFO] - --------------------------------------------------------------------------------------------------------------------
2024-06-30 16:50:47 [INFO] -  SHORT : SANDUSDT. Curr : 0,32707180, buy : 0,32760000, stop : 0,34398000, Max. : 6,11 % , Min. : -0,61 % , profit: 3,22 %  [0m
2024-06-30 16:51:47 [INFO] - All symbols analyzed, time elapsed: 78.293 seconds.
2024-06-30 16:52:22 [INFO] -  SHORT : ATOMUSDT. Curr : 6,65055081, buy : 6,65800000, stop : 6,99090000, Max. : 5,71 % , Min. : -4,51 % , profit: 2,24 %  [0m
2024-06-30 16:53:28 [INFO] - --------------------------------------------------------------------------------------------------------------------
2024-06-30 16:53:28 [INFO] - [36m CopyBot 1.016 ( test Edition beta. Good and Best!)    [0m
2024-06-30 16:53:28 [INFO] -  Open trades LONG: 0 SHORT:2
2024-06-30 16:53:28 [INFO] -  LONG:  []
2024-06-30 16:53:28 [INFO] -  SHORT: [ATOMUSDT, SANDUSDT]
2024-06-30 16:53:28 [INFO] - --------------------------------------------------------------------------------------------------------------------
2024-06-30 16:53:28 [INFO] - [32m Start time       : Sun Jun 30 16:12:50 CEST 2024 [0m 
2024-06-30 16:53:28 [INFO] - [32m Execute time     : 0:40:37 [0m 
2024-06-30 16:53:29 [INFO] - [32m Start Balance    : 18.45056955               Current  Balance : 44.29359288 [0m 
2024-06-30 16:53:29 [INFO] - [32m Max. Position:   : 2                         USDT Size : 20.0 [0m 
2024-06-30 16:53:29 [INFO] - --------------------------------------------------------------------------------------------------------------------
2024-06-30 16:53:55 [INFO] -  SHORT : SANDUSDT. Curr : 0,32726278, buy : 0,32760000, stop : 0,34398000, Max. : 6,11 % , Min. : -0,61 % , profit: 2,06 %  [0m
2024-06-30 16:54:46 [INFO] - All symbols analyzed, time elapsed: 77.7 seconds.
2024-06-30 16:55:30 [INFO] -  SHORT : ATOMUSDT. Curr : 6,64900000, buy : 6,65800000, stop : 6,99090000, Max. : 5,71 % , Min. : -4,51 % , profit: 2,70 %  [0m
2024-06-30 16:56:28 [INFO] - --------------------------------------------------------------------------------------------------------------------
2024-06-30 16:56:28 [INFO] - [36m CopyBot 1.016 ( test Edition beta. Good and Best!)    [0m
2024-06-30 16:56:28 [INFO] -  Open trades LONG: 0 SHORT:2
2024-06-30 16:56:28 [INFO] -  LONG:  []
2024-06-30 16:56:28 [INFO] -  SHORT: [ATOMUSDT, SANDUSDT]
2024-06-30 16:56:28 [INFO] - --------------------------------------------------------------------------------------------------------------------
2024-06-30 16:56:28 [INFO] - [32m Start time       : Sun Jun 30 16:12:50 CEST 2024 [0m 
2024-06-30 16:56:28 [INFO] - [32m Execute time     : 0:43:37 [0m 
2024-06-30 16:56:29 [INFO] - [32m Start Balance    : 18.45056955               Current  Balance : 44.28369439 [0m 
2024-06-30 16:56:29 [INFO] - [32m Max. Position:   : 2                         USDT Size : 20.0 [0m 
2024-06-30 16:56:29 [INFO] - --------------------------------------------------------------------------------------------------------------------
